[2017-09-16 08:55:40] local.ERROR: file_put_contents(/data/www/shop/storage/framework/views/3a33f3b20c100f0e4cc8e8b6401e2c11fd1ad8d6.php): failed to open stream: Permission denied {"exception":"[object] (ErrorException(code: 0): file_put_contents(/data/www/shop/storage/framework/views/3a33f3b20c100f0e4cc8e8b6401e2c11fd1ad8d6.php): failed to open stream: Permission denied at /data/www/shop/vendor/laravel/framework/src/Illuminate/Filesystem/Filesystem.php:122)
[stacktrace]
#0 [internal function]: Illuminate\\Foundation\\Bootstrap\\HandleExceptions->handleError(2, 'file_put_conten...', '/data/www/shop/...', 122, Array)
#1 /data/www/shop/vendor/laravel/framework/src/Illuminate/Filesystem/Filesystem.php(122): file_put_contents('/data/www/shop/...', '<!doctype html>...', 0)
#2 /data/www/shop/vendor/laravel/framework/src/Illuminate/View/Compilers/BladeCompiler.php(128): Illuminate\\Filesystem\\Filesystem->put('/data/www/shop/...', '<!doctype html>...')
#3 /data/www/shop/vendor/laravel/framework/src/Illuminate/View/Engines/CompilerEngine.php(51): Illuminate\\View\\Compilers\\BladeCompiler->compile('/data/www/shop/...')
#4 /data/www/shop/vendor/laravel/framework/src/Illuminate/View/View.php(137): Illuminate\\View\\Engines\\CompilerEngine->get('/data/www/shop/...', Array)
#5 /data/www/shop/vendor/laravel/framework/src/Illuminate/View/View.php(120): Illuminate\\View\\View->getContents()
#6 /data/www/shop/vendor/laravel/framework/src/Illuminate/View/View.php(85): Illuminate\\View\\View->renderContents()
#7 /data/www/shop/vendor/laravel/framework/src/Illuminate/Http/Response.php(39): Illuminate\\View\\View->render()
#8 /data/www/shop/vendor/symfony/http-foundation/Response.php(201): Illuminate\\Http\\Response->setContent(Object(Illuminate\\View\\View))
#9 /data/www/shop/vendor/laravel/framework/src/Illuminate/Routing/Router.php(676): Symfony\\Component\\HttpFoundation\\Response->__construct(Object(Illuminate\\View\\View))
#10 /data/www/shop/vendor/laravel/framework/src/Illuminate/Routing/Router.php(650): Illuminate\\Routing\\Router::toResponse(Object(Illuminate\\Http\\Request), Object(Illuminate\\View\\View))
#11 /data/www/shop/vendor/laravel/framework/src/Illuminate/Routing/Router.php(610): Illuminate\\Routing\\Router->prepareResponse(Object(Illuminate\\Http\\Request), Object(Illuminate\\View\\View))
#12 /data/www/shop/vendor/laravel/framework/src/Illuminate/Routing/Pipeline.php(30): Illuminate\\Routing\\Router->Illuminate\\Routing\\{closure}(Object(Illuminate\\Http\\Request))
#13 /data/www/shop/vendor/laravel/framework/src/Illuminate/Routing/Middleware/SubstituteBindings.php(41): Illuminate\\Routing\\Pipeline->Illuminate\\Routing\\{closure}(Object(Illuminate\\Http\\Request))
#14 /data/www/shop/vendor/laravel/framework/src/Illuminate/Pipeline/Pipeline.php(149): Illuminate\\Routing\\Middleware\\SubstituteBindings->handle(Object(Illuminate\\Http\\Request), Object(Closure))
#15 /data/www/shop/vendor/laravel/framework/src/Illuminate/Routing/Pipeline.php(53): Illuminate\\Pipeline\\Pipeline->Illuminate\\Pipeline\\{closure}(Object(Illuminate\\Http\\Request))
#16 /data/www/shop/vendor/laravel/framework/src/Illuminate/Foundation/Http/Middleware/VerifyCsrfToken.php(67): Illuminate\\Routing\\Pipeline->Illuminate\\Routing\\{closure}(Object(Illuminate\\Http\\Request))
#17 /data/www/shop/vendor/laravel/framework/src/Illuminate/Pipeline/Pipeline.php(149): Illuminate\\Foundation\\Http\\Middleware\\VerifyCsrfToken->handle(Object(Illuminate\\Http\\Request), Object(Closure))
#18 /data/www/shop/vendor/laravel/framework/src/Illuminate/Routing/Pipeline.php(53): Illuminate\\Pipeline\\Pipeline->Illuminate\\Pipeline\\{closure}(Object(Illuminate\\Http\\Request))
#19 /data/www/shop/vendor/laravel/framework/src/Illuminate/View/Middleware/ShareErrorsFromSession.php(49): Illuminate\\Routing\\Pipeline->Illuminate\\Routing\\{closure}(Object(Illuminate\\Http\\Request))
#20 /data/www/shop/vendor/laravel/framework/src/Illuminate/Pipeline/Pipeline.php(149): Illuminate\\View\\Middleware\\ShareErrorsFromSession->handle(Object(Illuminate\\Http\\Request), Object(Closure))
#21 /data/www/shop/vendor/laravel/framework/src/Illuminate/Routing/Pipeline.php(53): Illuminate\\Pipeline\\Pipeline->Illuminate\\Pipeline\\{closure}(Object(Illuminate\\Http\\Request))
#22 /data/www/shop/vendor/laravel/framework/src/Illuminate/Session/Middleware/StartSession.php(63): Illuminate\\Routing\\Pipeline->Illuminate\\Routing\\{closure}(Object(Illuminate\\Http\\Request))
#23 /data/www/shop/vendor/laravel/framework/src/Illuminate/Pipeline/Pipeline.php(149): Illuminate\\Session\\Middleware\\StartSession->handle(Object(Illuminate\\Http\\Request), Object(Closure))
#24 /data/www/shop/vendor/laravel/framework/src/Illuminate/Routing/Pipeline.php(53): Illuminate\\Pipeline\\Pipeline->Illuminate\\Pipeline\\{closure}(Object(Illuminate\\Http\\Request))
#25 /data/www/shop/vendor/laravel/framework/src/Illuminate/Cookie/Middleware/AddQueuedCookiesToResponse.php(37): Illuminate\\Routing\\Pipeline->Illuminate\\Routing\\{closure}(Object(Illuminate\\Http\\Request))
#26 /data/www/shop/vendor/laravel/framework/src/Illuminate/Pipeline/Pipeline.php(149): Illuminate\\Cookie\\Middleware\\AddQueuedCookiesToResponse->handle(Object(Illuminate\\Http\\Request), Object(Closure))
#27 /data/www/shop/vendor/laravel/framework/src/Illuminate/Routing/Pipeline.php(53): Illuminate\\Pipeline\\Pipeline->Illuminate\\Pipeline\\{closure}(Object(Illuminate\\Http\\Request))
#28 /data/www/shop/vendor/laravel/framework/src/Illuminate/Cookie/Middleware/EncryptCookies.php(59): Illuminate\\Routing\\Pipeline->Illuminate\\Routing\\{closure}(Object(Illuminate\\Http\\Request))
#29 /data/www/shop/vendor/laravel/framework/src/Illuminate/Pipeline/Pipeline.php(149): Illuminate\\Cookie\\Middleware\\EncryptCookies->handle(Object(Illuminate\\Http\\Request), Object(Closure))
#30 /data/www/shop/vendor/laravel/framework/src/Illuminate/Routing/Pipeline.php(53): Illuminate\\Pipeline\\Pipeline->Illuminate\\Pipeline\\{closure}(Object(Illuminate\\Http\\Request))
#31 /data/www/shop/vendor/laravel/framework/src/Illuminate/Pipeline/Pipeline.php(102): Illuminate\\Routing\\Pipeline->Illuminate\\Routing\\{closure}(Object(Illuminate\\Http\\Request))
#32 /data/www/shop/vendor/laravel/framework/src/Illuminate/Routing/Router.php(612): Illuminate\\Pipeline\\Pipeline->then(Object(Closure))
#33 /data/www/shop/vendor/laravel/framework/src/Illuminate/Routing/Router.php(571): Illuminate\\Routing\\Router->runRouteWithinStack(Object(Illuminate\\Routing\\Route), Object(Illuminate\\Http\\Request))
#34 /data/www/shop/vendor/laravel/framework/src/Illuminate/Routing/Router.php(549): Illuminate\\Routing\\Router->dispatchToRoute(Object(Illuminate\\Http\\Request))
#35 /data/www/shop/vendor/laravel/framework/src/Illuminate/Foundation/Http/Kernel.php(176): Illuminate\\Routing\\Router->dispatch(Object(Illuminate\\Http\\Request))
#36 /data/www/shop/vendor/laravel/framework/src/Illuminate/Routing/Pipeline.php(30): Illuminate\\Foundation\\Http\\Kernel->Illuminate\\Foundation\\Http\\{closure}(Object(Illuminate\\Http\\Request))
#37 /data/www/shop/vendor/fideloper/proxy/src/TrustProxies.php(56): Illuminate\\Routing\\Pipeline->Illuminate\\Routing\\{closure}(Object(Illuminate\\Http\\Request))
#38 /data/www/shop/vendor/laravel/framework/src/Illuminate/Pipeline/Pipeline.php(149): Fideloper\\Proxy\\TrustProxies->handle(Object(Illuminate\\Http\\Request), Object(Closure))
#39 /data/www/shop/vendor/laravel/framework/src/Illuminate/Routing/Pipeline.php(53): Illuminate\\Pipeline\\Pipeline->Illuminate\\Pipeline\\{closure}(Object(Illuminate\\Http\\Request))
#40 /data/www/shop/vendor/laravel/framework/src/Illuminate/Foundation/Http/Middleware/TransformsRequest.php(30): Illuminate\\Routing\\Pipeline->Illuminate\\Routing\\{closure}(Object(Illuminate\\Http\\Request))
#41 /data/www/shop/vendor/laravel/framework/src/Illuminate/Pipeline/Pipeline.php(149): Illuminate\\Foundation\\Http\\Middleware\\TransformsRequest->handle(Object(Illuminate\\Http\\Request), Object(Closure))
#42 /data/www/shop/vendor/laravel/framework/src/Illuminate/Routing/Pipeline.php(53): Illuminate\\Pipeline\\Pipeline->Illuminate\\Pipeline\\{closure}(Object(Illuminate\\Http\\Request))
#43 /data/www/shop/vendor/laravel/framework/src/Illuminate/Foundation/Http/Middleware/TransformsRequest.php(30): Illuminate\\Routing\\Pipeline->Illuminate\\Routing\\{closure}(Object(Illuminate\\Http\\Request))
#44 /data/www/shop/vendor/laravel/framework/src/Illuminate/Pipeline/Pipeline.php(149): Illuminate\\Foundation\\Http\\Middleware\\TransformsRequest->handle(Object(Illuminate\\Http\\Request), Object(Closure))
#45 /data/www/shop/vendor/laravel/framework/src/Illuminate/Routing/Pipeline.php(53): Illuminate\\Pipeline\\Pipeline->Illuminate\\Pipeline\\{closure}(Object(Illuminate\\Http\\Request))
#46 /data/www/shop/vendor/laravel/framework/src/Illuminate/Foundation/Http/Middleware/ValidatePostSize.php(27): Illuminate\\Routing\\Pipeline->Illuminate\\Routing\\{closure}(Object(Illuminate\\Http\\Request))
#47 /data/www/shop/vendor/laravel/framework/src/Illuminate/Pipeline/Pipeline.php(149): Illuminate\\Foundation\\Http\\Middleware\\ValidatePostSize->handle(Object(Illuminate\\Http\\Request), Object(Closure))
#48 /data/www/shop/vendor/laravel/framework/src/Illuminate/Routing/Pipeline.php(53): Illuminate\\Pipeline\\Pipeline->Illuminate\\Pipeline\\{closure}(Object(Illuminate\\Http\\Request))
#49 /data/www/shop/vendor/laravel/framework/src/Illuminate/Foundation/Http/Middleware/CheckForMaintenanceMode.php(46): Illuminate\\Routing\\Pipeline->Illuminate\\Routing\\{closure}(Object(Illuminate\\Http\\Request))
#50 /data/www/shop/vendor/laravel/framework/src/Illuminate/Pipeline/Pipeline.php(149): Illuminate\\Foundation\\Http\\Middleware\\CheckForMaintenanceMode->handle(Object(Illuminate\\Http\\Request), Object(Closure))
#51 /data/www/shop/vendor/laravel/framework/src/Illuminate/Routing/Pipeline.php(53): Illuminate\\Pipeline\\Pipeline->Illuminate\\Pipeline\\{closure}(Object(Illuminate\\Http\\Request))
#52 /data/www/shop/vendor/laravel/framework/src/Illuminate/Pipeline/Pipeline.php(102): Illuminate\\Routing\\Pipeline->Illuminate\\Routing\\{closure}(Object(Illuminate\\Http\\Request))
#53 /data/www/shop/vendor/laravel/framework/src/Illuminate/Foundation/Http/Kernel.php(151): Illuminate\\Pipeline\\Pipeline->then(Object(Closure))
#54 /data/www/shop/vendor/laravel/framework/src/Illuminate/Foundation/Http/Kernel.php(116): Illuminate\\Foundation\\Http\\Kernel->sendRequestThroughRouter(Object(Illuminate\\Http\\Request))
#55 /data/www/shop/public/index.php(55): Illuminate\\Foundation\\Http\\Kernel->handle(Object(Illuminate\\Http\\Request))
#56 {main}
"} 
[2017-09-16 08:55:40] local.ERROR: file_put_contents(/data/www/shop/storage/framework/sessions/DIwhIgRW437jTRv7p2kmHAtL1jlMuo8C5jEljZOX): failed to open stream: Permission denied {"exception":"[object] (ErrorException(code: 0): file_put_contents(/data/www/shop/storage/framework/sessions/DIwhIgRW437jTRv7p2kmHAtL1jlMuo8C5jEljZOX): failed to open stream: Permission denied at /data/www/shop/vendor/laravel/framework/src/Illuminate/Filesystem/Filesystem.php:122)
[stacktrace]
#0 [internal function]: Illuminate\\Foundation\\Bootstrap\\HandleExceptions->handleError(2, 'file_put_conten...', '/data/www/shop/...', 122, Array)
#1 /data/www/shop/vendor/laravel/framework/src/Illuminate/Filesystem/Filesystem.php(122): file_put_contents('/data/www/shop/...', 'a:3:{s:6:\"_toke...', 2)
#2 /data/www/shop/vendor/laravel/framework/src/Illuminate/Session/FileSessionHandler.php(83): Illuminate\\Filesystem\\Filesystem->put('/data/www/shop/...', 'a:3:{s:6:\"_toke...', true)
#3 /data/www/shop/vendor/laravel/framework/src/Illuminate/Session/Store.php(128): Illuminate\\Session\\FileSessionHandler->write('DIwhIgRW437jTRv...', 'a:3:{s:6:\"_toke...')
#4 /data/www/shop/vendor/laravel/framework/src/Illuminate/Session/Middleware/StartSession.php(87): Illuminate\\Session\\Store->save()
#5 /data/www/shop/vendor/laravel/framework/src/Illuminate/Foundation/Http/Kernel.php(218): Illuminate\\Session\\Middleware\\StartSession->terminate(Object(Illuminate\\Http\\Request), Object(Illuminate\\Http\\Response))
#6 /data/www/shop/vendor/laravel/framework/src/Illuminate/Foundation/Http/Kernel.php(189): Illuminate\\Foundation\\Http\\Kernel->terminateMiddleware(Object(Illuminate\\Http\\Request), Object(Illuminate\\Http\\Response))
#7 /data/www/shop/public/index.php(60): Illuminate\\Foundation\\Http\\Kernel->terminate(Object(Illuminate\\Http\\Request), Object(Illuminate\\Http\\Response))
#8 {main}
"} 
[2017-09-16 08:55:44] local.ERROR: file_put_contents(/data/www/shop/storage/framework/views/3a33f3b20c100f0e4cc8e8b6401e2c11fd1ad8d6.php): failed to open stream: Permission denied {"exception":"[object] (ErrorException(code: 0): file_put_contents(/data/www/shop/storage/framework/views/3a33f3b20c100f0e4cc8e8b6401e2c11fd1ad8d6.php): failed to open stream: Permission denied at /data/www/shop/vendor/laravel/framework/src/Illuminate/Filesystem/Filesystem.php:122)
[stacktrace]
#0 [internal function]: Illuminate\\Foundation\\Bootstrap\\HandleExceptions->handleError(2, 'file_put_conten...', '/data/www/shop/...', 122, Array)
#1 /data/www/shop/vendor/laravel/framework/src/Illuminate/Filesystem/Filesystem.php(122): file_put_contents('/data/www/shop/...', '<!doctype html>...', 0)
#2 /data/www/shop/vendor/laravel/framework/src/Illuminate/View/Compilers/BladeCompiler.php(128): Illuminate\\Filesystem\\Filesystem->put('/data/www/shop/...', '<!doctype html>...')
#3 /data/www/shop/vendor/laravel/framework/src/Illuminate/View/Engines/CompilerEngine.php(51): Illuminate\\View\\Compilers\\BladeCompiler->compile('/data/www/shop/...')
#4 /data/www/shop/vendor/laravel/framework/src/Illuminate/View/View.php(137): Illuminate\\View\\Engines\\CompilerEngine->get('/data/www/shop/...', Array)
#5 /data/www/shop/vendor/laravel/framework/src/Illuminate/View/View.php(120): Illuminate\\View\\View->getContents()
#6 /data/www/shop/vendor/laravel/framework/src/Illuminate/View/View.php(85): Illuminate\\View\\View->renderContents()
#7 /data/www/shop/vendor/laravel/framework/src/Illuminate/Http/Response.php(39): Illuminate\\View\\View->render()
#8 /data/www/shop/vendor/symfony/http-foundation/Response.php(201): Illuminate\\Http\\Response->setContent(Object(Illuminate\\View\\View))
#9 /data/www/shop/vendor/laravel/framework/src/Illuminate/Routing/Router.php(676): Symfony\\Component\\HttpFoundation\\Response->__construct(Object(Illuminate\\View\\View))
#10 /data/www/shop/vendor/laravel/framework/src/Illuminate/Routing/Router.php(650): Illuminate\\Routing\\Router::toResponse(Object(Illuminate\\Http\\Request), Object(Illuminate\\View\\View))
#11 /data/www/shop/vendor/laravel/framework/src/Illuminate/Routing/Router.php(610): Illuminate\\Routing\\Router->prepareResponse(Object(Illuminate\\Http\\Request), Object(Illuminate\\View\\View))
#12 /data/www/shop/vendor/laravel/framework/src/Illuminate/Routing/Pipeline.php(30): Illuminate\\Routing\\Router->Illuminate\\Routing\\{closure}(Object(Illuminate\\Http\\Request))
#13 /data/www/shop/vendor/laravel/framework/src/Illuminate/Routing/Middleware/SubstituteBindings.php(41): Illuminate\\Routing\\Pipeline->Illuminate\\Routing\\{closure}(Object(Illuminate\\Http\\Request))
#14 /data/www/shop/vendor/laravel/framework/src/Illuminate/Pipeline/Pipeline.php(149): Illuminate\\Routing\\Middleware\\SubstituteBindings->handle(Object(Illuminate\\Http\\Request), Object(Closure))
#15 /data/www/shop/vendor/laravel/framework/src/Illuminate/Routing/Pipeline.php(53): Illuminate\\Pipeline\\Pipeline->Illuminate\\Pipeline\\{closure}(Object(Illuminate\\Http\\Request))
#16 /data/www/shop/vendor/laravel/framework/src/Illuminate/Foundation/Http/Middleware/VerifyCsrfToken.php(67): Illuminate\\Routing\\Pipeline->Illuminate\\Routing\\{closure}(Object(Illuminate\\Http\\Request))
#17 /data/www/shop/vendor/laravel/framework/src/Illuminate/Pipeline/Pipeline.php(149): Illuminate\\Foundation\\Http\\Middleware\\VerifyCsrfToken->handle(Object(Illuminate\\Http\\Request), Object(Closure))
#18 /data/www/shop/vendor/laravel/framework/src/Illuminate/Routing/Pipeline.php(53): Illuminate\\Pipeline\\Pipeline->Illuminate\\Pipeline\\{closure}(Object(Illuminate\\Http\\Request))
#19 /data/www/shop/vendor/laravel/framework/src/Illuminate/View/Middleware/ShareErrorsFromSession.php(49): Illuminate\\Routing\\Pipeline->Illuminate\\Routing\\{closure}(Object(Illuminate\\Http\\Request))
#20 /data/www/shop/vendor/laravel/framework/src/Illuminate/Pipeline/Pipeline.php(149): Illuminate\\View\\Middleware\\ShareErrorsFromSession->handle(Object(Illuminate\\Http\\Request), Object(Closure))
#21 /data/www/shop/vendor/laravel/framework/src/Illuminate/Routing/Pipeline.php(53): Illuminate\\Pipeline\\Pipeline->Illuminate\\Pipeline\\{closure}(Object(Illuminate\\Http\\Request))
#22 /data/www/shop/vendor/laravel/framework/src/Illuminate/Session/Middleware/StartSession.php(63): Illuminate\\Routing\\Pipeline->Illuminate\\Routing\\{closure}(Object(Illuminate\\Http\\Request))
#23 /data/www/shop/vendor/laravel/framework/src/Illuminate/Pipeline/Pipeline.php(149): Illuminate\\Session\\Middleware\\StartSession->handle(Object(Illuminate\\Http\\Request), Object(Closure))
#24 /data/www/shop/vendor/laravel/framework/src/Illuminate/Routing/Pipeline.php(53): Illuminate\\Pipeline\\Pipeline->Illuminate\\Pipeline\\{closure}(Object(Illuminate\\Http\\Request))
#25 /data/www/shop/vendor/laravel/framework/src/Illuminate/Cookie/Middleware/AddQueuedCookiesToResponse.php(37): Illuminate\\Routing\\Pipeline->Illuminate\\Routing\\{closure}(Object(Illuminate\\Http\\Request))
#26 /data/www/shop/vendor/laravel/framework/src/Illuminate/Pipeline/Pipeline.php(149): Illuminate\\Cookie\\Middleware\\AddQueuedCookiesToResponse->handle(Object(Illuminate\\Http\\Request), Object(Closure))
#27 /data/www/shop/vendor/laravel/framework/src/Illuminate/Routing/Pipeline.php(53): Illuminate\\Pipeline\\Pipeline->Illuminate\\Pipeline\\{closure}(Object(Illuminate\\Http\\Request))
#28 /data/www/shop/vendor/laravel/framework/src/Illuminate/Cookie/Middleware/EncryptCookies.php(59): Illuminate\\Routing\\Pipeline->Illuminate\\Routing\\{closure}(Object(Illuminate\\Http\\Request))
#29 /data/www/shop/vendor/laravel/framework/src/Illuminate/Pipeline/Pipeline.php(149): Illuminate\\Cookie\\Middleware\\EncryptCookies->handle(Object(Illuminate\\Http\\Request), Object(Closure))
#30 /data/www/shop/vendor/laravel/framework/src/Illuminate/Routing/Pipeline.php(53): Illuminate\\Pipeline\\Pipeline->Illuminate\\Pipeline\\{closure}(Object(Illuminate\\Http\\Request))
#31 /data/www/shop/vendor/laravel/framework/src/Illuminate/Pipeline/Pipeline.php(102): Illuminate\\Routing\\Pipeline->Illuminate\\Routing\\{closure}(Object(Illuminate\\Http\\Request))
#32 /data/www/shop/vendor/laravel/framework/src/Illuminate/Routing/Router.php(612): Illuminate\\Pipeline\\Pipeline->then(Object(Closure))
#33 /data/www/shop/vendor/laravel/framework/src/Illuminate/Routing/Router.php(571): Illuminate\\Routing\\Router->runRouteWithinStack(Object(Illuminate\\Routing\\Route), Object(Illuminate\\Http\\Request))
#34 /data/www/shop/vendor/laravel/framework/src/Illuminate/Routing/Router.php(549): Illuminate\\Routing\\Router->dispatchToRoute(Object(Illuminate\\Http\\Request))
#35 /data/www/shop/vendor/laravel/framework/src/Illuminate/Foundation/Http/Kernel.php(176): Illuminate\\Routing\\Router->dispatch(Object(Illuminate\\Http\\Request))
#36 /data/www/shop/vendor/laravel/framework/src/Illuminate/Routing/Pipeline.php(30): Illuminate\\Foundation\\Http\\Kernel->Illuminate\\Foundation\\Http\\{closure}(Object(Illuminate\\Http\\Request))
#37 /data/www/shop/vendor/fideloper/proxy/src/TrustProxies.php(56): Illuminate\\Routing\\Pipeline->Illuminate\\Routing\\{closure}(Object(Illuminate\\Http\\Request))
#38 /data/www/shop/vendor/laravel/framework/src/Illuminate/Pipeline/Pipeline.php(149): Fideloper\\Proxy\\TrustProxies->handle(Object(Illuminate\\Http\\Request), Object(Closure))
#39 /data/www/shop/vendor/laravel/framework/src/Illuminate/Routing/Pipeline.php(53): Illuminate\\Pipeline\\Pipeline->Illuminate\\Pipeline\\{closure}(Object(Illuminate\\Http\\Request))
#40 /data/www/shop/vendor/laravel/framework/src/Illuminate/Foundation/Http/Middleware/TransformsRequest.php(30): Illuminate\\Routing\\Pipeline->Illuminate\\Routing\\{closure}(Object(Illuminate\\Http\\Request))
#41 /data/www/shop/vendor/laravel/framework/src/Illuminate/Pipeline/Pipeline.php(149): Illuminate\\Foundation\\Http\\Middleware\\TransformsRequest->handle(Object(Illuminate\\Http\\Request), Object(Closure))
#42 /data/www/shop/vendor/laravel/framework/src/Illuminate/Routing/Pipeline.php(53): Illuminate\\Pipeline\\Pipeline->Illuminate\\Pipeline\\{closure}(Object(Illuminate\\Http\\Request))
#43 /data/www/shop/vendor/laravel/framework/src/Illuminate/Foundation/Http/Middleware/TransformsRequest.php(30): Illuminate\\Routing\\Pipeline->Illuminate\\Routing\\{closure}(Object(Illuminate\\Http\\Request))
#44 /data/www/shop/vendor/laravel/framework/src/Illuminate/Pipeline/Pipeline.php(149): Illuminate\\Foundation\\Http\\Middleware\\TransformsRequest->handle(Object(Illuminate\\Http\\Request), Object(Closure))
#45 /data/www/shop/vendor/laravel/framework/src/Illuminate/Routing/Pipeline.php(53): Illuminate\\Pipeline\\Pipeline->Illuminate\\Pipeline\\{closure}(Object(Illuminate\\Http\\Request))
#46 /data/www/shop/vendor/laravel/framework/src/Illuminate/Foundation/Http/Middleware/ValidatePostSize.php(27): Illuminate\\Routing\\Pipeline->Illuminate\\Routing\\{closure}(Object(Illuminate\\Http\\Request))
#47 /data/www/shop/vendor/laravel/framework/src/Illuminate/Pipeline/Pipeline.php(149): Illuminate\\Foundation\\Http\\Middleware\\ValidatePostSize->handle(Object(Illuminate\\Http\\Request), Object(Closure))
#48 /data/www/shop/vendor/laravel/framework/src/Illuminate/Routing/Pipeline.php(53): Illuminate\\Pipeline\\Pipeline->Illuminate\\Pipeline\\{closure}(Object(Illuminate\\Http\\Request))
#49 /data/www/shop/vendor/laravel/framework/src/Illuminate/Foundation/Http/Middleware/CheckForMaintenanceMode.php(46): Illuminate\\Routing\\Pipeline->Illuminate\\Routing\\{closure}(Object(Illuminate\\Http\\Request))
#50 /data/www/shop/vendor/laravel/framework/src/Illuminate/Pipeline/Pipeline.php(149): Illuminate\\Foundation\\Http\\Middleware\\CheckForMaintenanceMode->handle(Object(Illuminate\\Http\\Request), Object(Closure))
#51 /data/www/shop/vendor/laravel/framework/src/Illuminate/Routing/Pipeline.php(53): Illuminate\\Pipeline\\Pipeline->Illuminate\\Pipeline\\{closure}(Object(Illuminate\\Http\\Request))
#52 /data/www/shop/vendor/laravel/framework/src/Illuminate/Pipeline/Pipeline.php(102): Illuminate\\Routing\\Pipeline->Illuminate\\Routing\\{closure}(Object(Illuminate\\Http\\Request))
#53 /data/www/shop/vendor/laravel/framework/src/Illuminate/Foundation/Http/Kernel.php(151): Illuminate\\Pipeline\\Pipeline->then(Object(Closure))
#54 /data/www/shop/vendor/laravel/framework/src/Illuminate/Foundation/Http/Kernel.php(116): Illuminate\\Foundation\\Http\\Kernel->sendRequestThroughRouter(Object(Illuminate\\Http\\Request))
#55 /data/www/shop/public/index.php(55): Illuminate\\Foundation\\Http\\Kernel->handle(Object(Illuminate\\Http\\Request))
#56 {main}
"} 
[2017-09-16 08:55:44] local.ERROR: file_put_contents(/data/www/shop/storage/framework/sessions/DIwhIgRW437jTRv7p2kmHAtL1jlMuo8C5jEljZOX): failed to open stream: Permission denied {"exception":"[object] (ErrorException(code: 0): file_put_contents(/data/www/shop/storage/framework/sessions/DIwhIgRW437jTRv7p2kmHAtL1jlMuo8C5jEljZOX): failed to open stream: Permission denied at /data/www/shop/vendor/laravel/framework/src/Illuminate/Filesystem/Filesystem.php:122)
[stacktrace]
#0 [internal function]: Illuminate\\Foundation\\Bootstrap\\HandleExceptions->handleError(2, 'file_put_conten...', '/data/www/shop/...', 122, Array)
#1 /data/www/shop/vendor/laravel/framework/src/Illuminate/Filesystem/Filesystem.php(122): file_put_contents('/data/www/shop/...', 'a:3:{s:6:\"_toke...', 2)
#2 /data/www/shop/vendor/laravel/framework/src/Illuminate/Session/FileSessionHandler.php(83): Illuminate\\Filesystem\\Filesystem->put('/data/www/shop/...', 'a:3:{s:6:\"_toke...', true)
#3 /data/www/shop/vendor/laravel/framework/src/Illuminate/Session/Store.php(128): Illuminate\\Session\\FileSessionHandler->write('DIwhIgRW437jTRv...', 'a:3:{s:6:\"_toke...')
#4 /data/www/shop/vendor/laravel/framework/src/Illuminate/Session/Middleware/StartSession.php(87): Illuminate\\Session\\Store->save()
#5 /data/www/shop/vendor/laravel/framework/src/Illuminate/Foundation/Http/Kernel.php(218): Illuminate\\Session\\Middleware\\StartSession->terminate(Object(Illuminate\\Http\\Request), Object(Illuminate\\Http\\Response))
#6 /data/www/shop/vendor/laravel/framework/src/Illuminate/Foundation/Http/Kernel.php(189): Illuminate\\Foundation\\Http\\Kernel->terminateMiddleware(Object(Illuminate\\Http\\Request), Object(Illuminate\\Http\\Response))
#7 /data/www/shop/public/index.php(60): Illuminate\\Foundation\\Http\\Kernel->terminate(Object(Illuminate\\Http\\Request), Object(Illuminate\\Http\\Response))
#8 {main}
"} 
[2017-09-16 08:56:50] local.ERROR: file_put_contents(/data/www/shop/storage/framework/views/f4ea36f4073c2aa0fd0a9af086bbf83cc47a7d4b.php): failed to open stream: Permission denied {"exception":"[object] (ErrorException(code: 0): file_put_contents(/data/www/shop/storage/framework/views/f4ea36f4073c2aa0fd0a9af086bbf83cc47a7d4b.php): failed to open stream: Permission denied at /data/www/shop/vendor/laravel/framework/src/Illuminate/Filesystem/Filesystem.php:122)
[stacktrace]
#0 [internal function]: Illuminate\\Foundation\\Bootstrap\\HandleExceptions->handleError(2, 'file_put_conten...', '/data/www/shop/...', 122, Array)
#1 /data/www/shop/vendor/laravel/framework/src/Illuminate/Filesystem/Filesystem.php(122): file_put_contents('/data/www/shop/...', '<?php $__env->s...', 0)
#2 /data/www/shop/vendor/laravel/framework/src/Illuminate/View/Compilers/BladeCompiler.php(128): Illuminate\\Filesystem\\Filesystem->put('/data/www/shop/...', '<?php $__env->s...')
#3 /data/www/shop/vendor/laravel/framework/src/Illuminate/View/Engines/CompilerEngine.php(51): Illuminate\\View\\Compilers\\BladeCompiler->compile('/data/www/shop/...')
#4 /data/www/shop/vendor/laravel/framework/src/Illuminate/View/View.php(137): Illuminate\\View\\Engines\\CompilerEngine->get('/data/www/shop/...', Array)
#5 /data/www/shop/vendor/laravel/framework/src/Illuminate/View/View.php(120): Illuminate\\View\\View->getContents()
#6 /data/www/shop/vendor/laravel/framework/src/Illuminate/View/View.php(85): Illuminate\\View\\View->renderContents()
#7 /data/www/shop/vendor/laravel/framework/src/Illuminate/Http/Response.php(39): Illuminate\\View\\View->render()
#8 /data/www/shop/vendor/symfony/http-foundation/Response.php(201): Illuminate\\Http\\Response->setContent(Object(Illuminate\\View\\View))
#9 /data/www/shop/vendor/laravel/framework/src/Illuminate/Routing/ResponseFactory.php(55): Symfony\\Component\\HttpFoundation\\Response->__construct(Object(Illuminate\\View\\View), 404, Array)
#10 /data/www/shop/vendor/laravel/framework/src/Illuminate/Routing/ResponseFactory.php(69): Illuminate\\Routing\\ResponseFactory->make(Object(Illuminate\\View\\View), 404, Array)
#11 /data/www/shop/vendor/laravel/framework/src/Illuminate/Foundation/Exceptions/Handler.php(392): Illuminate\\Routing\\ResponseFactory->view('errors::404', Array, 404, Array)
#12 /data/www/shop/vendor/laravel/framework/src/Illuminate/Foundation/Exceptions/Handler.php(295): Illuminate\\Foundation\\Exceptions\\Handler->renderHttpException(Object(Symfony\\Component\\HttpKernel\\Exception\\NotFoundHttpException))
#13 /data/www/shop/vendor/laravel/framework/src/Illuminate/Foundation/Exceptions/Handler.php(187): Illuminate\\Foundation\\Exceptions\\Handler->prepareResponse(Object(Illuminate\\Http\\Request), Object(Symfony\\Component\\HttpKernel\\Exception\\NotFoundHttpException))
#14 /data/www/shop/app/Exceptions/Handler.php(51): Illuminate\\Foundation\\Exceptions\\Handler->render(Object(Illuminate\\Http\\Request), Object(Symfony\\Component\\HttpKernel\\Exception\\NotFoundHttpException))
#15 /data/www/shop/vendor/laravel/framework/src/Illuminate/Routing/Pipeline.php(83): App\\Exceptions\\Handler->render(Object(Illuminate\\Http\\Request), Object(Symfony\\Component\\HttpKernel\\Exception\\NotFoundHttpException))
#16 /data/www/shop/vendor/laravel/framework/src/Illuminate/Routing/Pipeline.php(32): Illuminate\\Routing\\Pipeline->handleException(Object(Illuminate\\Http\\Request), Object(Symfony\\Component\\HttpKernel\\Exception\\NotFoundHttpException))
#17 /data/www/shop/vendor/fideloper/proxy/src/TrustProxies.php(56): Illuminate\\Routing\\Pipeline->Illuminate\\Routing\\{closure}(Object(Illuminate\\Http\\Request))
#18 /data/www/shop/vendor/laravel/framework/src/Illuminate/Pipeline/Pipeline.php(149): Fideloper\\Proxy\\TrustProxies->handle(Object(Illuminate\\Http\\Request), Object(Closure))
#19 /data/www/shop/vendor/laravel/framework/src/Illuminate/Routing/Pipeline.php(53): Illuminate\\Pipeline\\Pipeline->Illuminate\\Pipeline\\{closure}(Object(Illuminate\\Http\\Request))
#20 /data/www/shop/vendor/laravel/framework/src/Illuminate/Foundation/Http/Middleware/TransformsRequest.php(30): Illuminate\\Routing\\Pipeline->Illuminate\\Routing\\{closure}(Object(Illuminate\\Http\\Request))
#21 /data/www/shop/vendor/laravel/framework/src/Illuminate/Pipeline/Pipeline.php(149): Illuminate\\Foundation\\Http\\Middleware\\TransformsRequest->handle(Object(Illuminate\\Http\\Request), Object(Closure))
#22 /data/www/shop/vendor/laravel/framework/src/Illuminate/Routing/Pipeline.php(53): Illuminate\\Pipeline\\Pipeline->Illuminate\\Pipeline\\{closure}(Object(Illuminate\\Http\\Request))
#23 /data/www/shop/vendor/laravel/framework/src/Illuminate/Foundation/Http/Middleware/TransformsRequest.php(30): Illuminate\\Routing\\Pipeline->Illuminate\\Routing\\{closure}(Object(Illuminate\\Http\\Request))
#24 /data/www/shop/vendor/laravel/framework/src/Illuminate/Pipeline/Pipeline.php(149): Illuminate\\Foundation\\Http\\Middleware\\TransformsRequest->handle(Object(Illuminate\\Http\\Request), Object(Closure))
#25 /data/www/shop/vendor/laravel/framework/src/Illuminate/Routing/Pipeline.php(53): Illuminate\\Pipeline\\Pipeline->Illuminate\\Pipeline\\{closure}(Object(Illuminate\\Http\\Request))
#26 /data/www/shop/vendor/laravel/framework/src/Illuminate/Foundation/Http/Middleware/ValidatePostSize.php(27): Illuminate\\Routing\\Pipeline->Illuminate\\Routing\\{closure}(Object(Illuminate\\Http\\Request))
#27 /data/www/shop/vendor/laravel/framework/src/Illuminate/Pipeline/Pipeline.php(149): Illuminate\\Foundation\\Http\\Middleware\\ValidatePostSize->handle(Object(Illuminate\\Http\\Request), Object(Closure))
#28 /data/www/shop/vendor/laravel/framework/src/Illuminate/Routing/Pipeline.php(53): Illuminate\\Pipeline\\Pipeline->Illuminate\\Pipeline\\{closure}(Object(Illuminate\\Http\\Request))
#29 /data/www/shop/vendor/laravel/framework/src/Illuminate/Foundation/Http/Middleware/CheckForMaintenanceMode.php(46): Illuminate\\Routing\\Pipeline->Illuminate\\Routing\\{closure}(Object(Illuminate\\Http\\Request))
#30 /data/www/shop/vendor/laravel/framework/src/Illuminate/Pipeline/Pipeline.php(149): Illuminate\\Foundation\\Http\\Middleware\\CheckForMaintenanceMode->handle(Object(Illuminate\\Http\\Request), Object(Closure))
#31 /data/www/shop/vendor/laravel/framework/src/Illuminate/Routing/Pipeline.php(53): Illuminate\\Pipeline\\Pipeline->Illuminate\\Pipeline\\{closure}(Object(Illuminate\\Http\\Request))
#32 /data/www/shop/vendor/laravel/framework/src/Illuminate/Pipeline/Pipeline.php(102): Illuminate\\Routing\\Pipeline->Illuminate\\Routing\\{closure}(Object(Illuminate\\Http\\Request))
#33 /data/www/shop/vendor/laravel/framework/src/Illuminate/Foundation/Http/Kernel.php(151): Illuminate\\Pipeline\\Pipeline->then(Object(Closure))
#34 /data/www/shop/vendor/laravel/framework/src/Illuminate/Foundation/Http/Kernel.php(116): Illuminate\\Foundation\\Http\\Kernel->sendRequestThroughRouter(Object(Illuminate\\Http\\Request))
#35 /data/www/shop/public/index.php(55): Illuminate\\Foundation\\Http\\Kernel->handle(Object(Illuminate\\Http\\Request))
#36 {main}
"}
[2017-09-17 06:18:27] local.ERROR: No application encryption key has been specified. {"exception":"[object] (RuntimeException(code: 0): No application encryption key has been specified. at /home/vagrant/Code/shop/vendor/laravel/framework/src/Illuminate/Encryption/EncryptionServiceProvider.php:42)
[stacktrace]
#0 /home/vagrant/Code/shop/vendor/laravel/framework/src/Illuminate/Support/helpers.php(1035): Illuminate\\Encryption\\EncryptionServiceProvider->Illuminate\\Encryption\\{closure}(NULL)
#1 /home/vagrant/Code/shop/vendor/laravel/framework/src/Illuminate/Encryption/EncryptionServiceProvider.php(46): tap(NULL, Object(Closure))
#2 /home/vagrant/Code/shop/vendor/laravel/framework/src/Illuminate/Encryption/EncryptionServiceProvider.php(24): Illuminate\\Encryption\\EncryptionServiceProvider->key(Array)
#3 /home/vagrant/Code/shop/vendor/laravel/framework/src/Illuminate/Container/Container.php(749): Illuminate\\Encryption\\EncryptionServiceProvider->Illuminate\\Encryption\\{closure}(Object(Illuminate\\Foundation\\Application), Array)
#4 /home/vagrant/Code/shop/vendor/laravel/framework/src/Illuminate/Container/Container.php(631): Illuminate\\Container\\Container->build(Object(Closure))
#5 /home/vagrant/Code/shop/vendor/laravel/framework/src/Illuminate/Container/Container.php(586): Illuminate\\Container\\Container->resolve('encrypter', Array)
#6 /home/vagrant/Code/shop/vendor/laravel/framework/src/Illuminate/Foundation/Application.php(721): Illuminate\\Container\\Container->make('encrypter', Array)
#7 /home/vagrant/Code/shop/vendor/laravel/framework/src/Illuminate/Container/Container.php(885): Illuminate\\Foundation\\Application->make('encrypter')
#8 /home/vagrant/Code/shop/vendor/laravel/framework/src/Illuminate/Container/Container.php(813): Illuminate\\Container\\Container->resolveClass(Object(ReflectionParameter))
#9 /home/vagrant/Code/shop/vendor/laravel/framework/src/Illuminate/Container/Container.php(779): Illuminate\\Container\\Container->resolveDependencies(Array)
#10 /home/vagrant/Code/shop/vendor/laravel/framework/src/Illuminate/Container/Container.php(631): Illuminate\\Container\\Container->build('App\\\\Http\\\\Middle...')
#11 /home/vagrant/Code/shop/vendor/laravel/framework/src/Illuminate/Container/Container.php(586): Illuminate\\Container\\Container->resolve('App\\\\Http\\\\Middle...', Array)
#12 /home/vagrant/Code/shop/vendor/laravel/framework/src/Illuminate/Foundation/Application.php(721): Illuminate\\Container\\Container->make('App\\\\Http\\\\Middle...', Array)
#13 /home/vagrant/Code/shop/vendor/laravel/framework/src/Illuminate/Pipeline/Pipeline.php(138): Illuminate\\Foundation\\Application->make('App\\\\Http\\\\Middle...')
#14 /home/vagrant/Code/shop/vendor/laravel/framework/src/Illuminate/Routing/Pipeline.php(53): Illuminate\\Pipeline\\Pipeline->Illuminate\\Pipeline\\{closure}(Object(Illuminate\\Http\\Request))
#15 /home/vagrant/Code/shop/vendor/laravel/framework/src/Illuminate/Pipeline/Pipeline.php(102): Illuminate\\Routing\\Pipeline->Illuminate\\Routing\\{closure}(Object(Illuminate\\Http\\Request))
#16 /home/vagrant/Code/shop/vendor/laravel/framework/src/Illuminate/Routing/Router.php(612): Illuminate\\Pipeline\\Pipeline->then(Object(Closure))
#17 /home/vagrant/Code/shop/vendor/laravel/framework/src/Illuminate/Routing/Router.php(571): Illuminate\\Routing\\Router->runRouteWithinStack(Object(Illuminate\\Routing\\Route), Object(Illuminate\\Http\\Request))
#18 /home/vagrant/Code/shop/vendor/laravel/framework/src/Illuminate/Routing/Router.php(549): Illuminate\\Routing\\Router->dispatchToRoute(Object(Illuminate\\Http\\Request))
#19 /home/vagrant/Code/shop/vendor/laravel/framework/src/Illuminate/Foundation/Http/Kernel.php(176): Illuminate\\Routing\\Router->dispatch(Object(Illuminate\\Http\\Request))
#20 /home/vagrant/Code/shop/vendor/laravel/framework/src/Illuminate/Routing/Pipeline.php(30): Illuminate\\Foundation\\Http\\Kernel->Illuminate\\Foundation\\Http\\{closure}(Object(Illuminate\\Http\\Request))
#21 /home/vagrant/Code/shop/vendor/fideloper/proxy/src/TrustProxies.php(56): Illuminate\\Routing\\Pipeline->Illuminate\\Routing\\{closure}(Object(Illuminate\\Http\\Request))
#22 /home/vagrant/Code/shop/vendor/laravel/framework/src/Illuminate/Pipeline/Pipeline.php(149): Fideloper\\Proxy\\TrustProxies->handle(Object(Illuminate\\Http\\Request), Object(Closure))
#23 /home/vagrant/Code/shop/vendor/laravel/framework/src/Illuminate/Routing/Pipeline.php(53): Illuminate\\Pipeline\\Pipeline->Illuminate\\Pipeline\\{closure}(Object(Illuminate\\Http\\Request))
#24 /home/vagrant/Code/shop/vendor/laravel/framework/src/Illuminate/Foundation/Http/Middleware/TransformsRequest.php(30): Illuminate\\Routing\\Pipeline->Illuminate\\Routing\\{closure}(Object(Illuminate\\Http\\Request))
#25 /home/vagrant/Code/shop/vendor/laravel/framework/src/Illuminate/Pipeline/Pipeline.php(149): Illuminate\\Foundation\\Http\\Middleware\\TransformsRequest->handle(Object(Illuminate\\Http\\Request), Object(Closure))
#26 /home/vagrant/Code/shop/vendor/laravel/framework/src/Illuminate/Routing/Pipeline.php(53): Illuminate\\Pipeline\\Pipeline->Illuminate\\Pipeline\\{closure}(Object(Illuminate\\Http\\Request))
#27 /home/vagrant/Code/shop/vendor/laravel/framework/src/Illuminate/Foundation/Http/Middleware/TransformsRequest.php(30): Illuminate\\Routing\\Pipeline->Illuminate\\Routing\\{closure}(Object(Illuminate\\Http\\Request))
#28 /home/vagrant/Code/shop/vendor/laravel/framework/src/Illuminate/Pipeline/Pipeline.php(149): Illuminate\\Foundation\\Http\\Middleware\\TransformsRequest->handle(Object(Illuminate\\Http\\Request), Object(Closure))
#29 /home/vagrant/Code/shop/vendor/laravel/framework/src/Illuminate/Routing/Pipeline.php(53): Illuminate\\Pipeline\\Pipeline->Illuminate\\Pipeline\\{closure}(Object(Illuminate\\Http\\Request))
#30 /home/vagrant/Code/shop/vendor/laravel/framework/src/Illuminate/Foundation/Http/Middleware/ValidatePostSize.php(27): Illuminate\\Routing\\Pipeline->Illuminate\\Routing\\{closure}(Object(Illuminate\\Http\\Request))
#31 /home/vagrant/Code/shop/vendor/laravel/framework/src/Illuminate/Pipeline/Pipeline.php(149): Illuminate\\Foundation\\Http\\Middleware\\ValidatePostSize->handle(Object(Illuminate\\Http\\Request), Object(Closure))
#32 /home/vagrant/Code/shop/vendor/laravel/framework/src/Illuminate/Routing/Pipeline.php(53): Illuminate\\Pipeline\\Pipeline->Illuminate\\Pipeline\\{closure}(Object(Illuminate\\Http\\Request))
#33 /home/vagrant/Code/shop/vendor/laravel/framework/src/Illuminate/Foundation/Http/Middleware/CheckForMaintenanceMode.php(46): Illuminate\\Routing\\Pipeline->Illuminate\\Routing\\{closure}(Object(Illuminate\\Http\\Request))
#34 /home/vagrant/Code/shop/vendor/laravel/framework/src/Illuminate/Pipeline/Pipeline.php(149): Illuminate\\Foundation\\Http\\Middleware\\CheckForMaintenanceMode->handle(Object(Illuminate\\Http\\Request), Object(Closure))
#35 /home/vagrant/Code/shop/vendor/laravel/framework/src/Illuminate/Routing/Pipeline.php(53): Illuminate\\Pipeline\\Pipeline->Illuminate\\Pipeline\\{closure}(Object(Illuminate\\Http\\Request))
#36 /home/vagrant/Code/shop/vendor/laravel/framework/src/Illuminate/Pipeline/Pipeline.php(102): Illuminate\\Routing\\Pipeline->Illuminate\\Routing\\{closure}(Object(Illuminate\\Http\\Request))
#37 /home/vagrant/Code/shop/vendor/laravel/framework/src/Illuminate/Foundation/Http/Kernel.php(151): Illuminate\\Pipeline\\Pipeline->then(Object(Closure))
#38 /home/vagrant/Code/shop/vendor/laravel/framework/src/Illuminate/Foundation/Http/Kernel.php(116): Illuminate\\Foundation\\Http\\Kernel->sendRequestThroughRouter(Object(Illuminate\\Http\\Request))
#39 /home/vagrant/Code/shop/public/index.php(55): Illuminate\\Foundation\\Http\\Kernel->handle(Object(Illuminate\\Http\\Request))
#40 {main}
"} 
[2017-09-17 06:18:28] local.ERROR: No application encryption key has been specified. {"exception":"[object] (RuntimeException(code: 0): No application encryption key has been specified. at /home/vagrant/Code/shop/vendor/laravel/framework/src/Illuminate/Encryption/EncryptionServiceProvider.php:42)
[stacktrace]
#0 /home/vagrant/Code/shop/vendor/laravel/framework/src/Illuminate/Support/helpers.php(1035): Illuminate\\Encryption\\EncryptionServiceProvider->Illuminate\\Encryption\\{closure}(NULL)
#1 /home/vagrant/Code/shop/vendor/laravel/framework/src/Illuminate/Encryption/EncryptionServiceProvider.php(46): tap(NULL, Object(Closure))
#2 /home/vagrant/Code/shop/vendor/laravel/framework/src/Illuminate/Encryption/EncryptionServiceProvider.php(24): Illuminate\\Encryption\\EncryptionServiceProvider->key(Array)
#3 /home/vagrant/Code/shop/vendor/laravel/framework/src/Illuminate/Container/Container.php(749): Illuminate\\Encryption\\EncryptionServiceProvider->Illuminate\\Encryption\\{closure}(Object(Illuminate\\Foundation\\Application), Array)
#4 /home/vagrant/Code/shop/vendor/laravel/framework/src/Illuminate/Container/Container.php(631): Illuminate\\Container\\Container->build(Object(Closure))
#5 /home/vagrant/Code/shop/vendor/laravel/framework/src/Illuminate/Container/Container.php(586): Illuminate\\Container\\Container->resolve('encrypter', Array)
#6 /home/vagrant/Code/shop/vendor/laravel/framework/src/Illuminate/Foundation/Application.php(721): Illuminate\\Container\\Container->make('encrypter', Array)
#7 /home/vagrant/Code/shop/vendor/laravel/framework/src/Illuminate/Container/Container.php(885): Illuminate\\Foundation\\Application->make('encrypter')
#8 /home/vagrant/Code/shop/vendor/laravel/framework/src/Illuminate/Container/Container.php(813): Illuminate\\Container\\Container->resolveClass(Object(ReflectionParameter))
#9 /home/vagrant/Code/shop/vendor/laravel/framework/src/Illuminate/Container/Container.php(779): Illuminate\\Container\\Container->resolveDependencies(Array)
#10 /home/vagrant/Code/shop/vendor/laravel/framework/src/Illuminate/Container/Container.php(631): Illuminate\\Container\\Container->build('App\\\\Http\\\\Middle...')
#11 /home/vagrant/Code/shop/vendor/laravel/framework/src/Illuminate/Container/Container.php(586): Illuminate\\Container\\Container->resolve('App\\\\Http\\\\Middle...', Array)
#12 /home/vagrant/Code/shop/vendor/laravel/framework/src/Illuminate/Foundation/Application.php(721): Illuminate\\Container\\Container->make('App\\\\Http\\\\Middle...', Array)
#13 /home/vagrant/Code/shop/vendor/laravel/framework/src/Illuminate/Foundation/Http/Kernel.php(215): Illuminate\\Foundation\\Application->make('App\\\\Http\\\\Middle...')
#14 /home/vagrant/Code/shop/vendor/laravel/framework/src/Illuminate/Foundation/Http/Kernel.php(189): Illuminate\\Foundation\\Http\\Kernel->terminateMiddleware(Object(Illuminate\\Http\\Request), Object(Illuminate\\Http\\Response))
#15 /home/vagrant/Code/shop/public/index.php(60): Illuminate\\Foundation\\Http\\Kernel->terminate(Object(Illuminate\\Http\\Request), Object(Illuminate\\Http\\Response))
#16 {main}
"} 
[2017-09-19 15:41:53] local.ERROR: View [admin.partials.errors] not found. (View: /home/vagrant/Code/shop/resources/views/admin/login.blade.php) {"exception":"[object] (ErrorException(code: 0): View [admin.partials.errors] not found. (View: /home/vagrant/Code/shop/resources/views/admin/login.blade.php) at /home/vagrant/Code/shop/vendor/laravel/framework/src/Illuminate/View/FileViewFinder.php:137, InvalidArgumentException(code: 0): View [admin.partials.errors] not found. at /home/vagrant/Code/shop/vendor/laravel/framework/src/Illuminate/View/FileViewFinder.php:137)
[stacktrace]
#0 /home/vagrant/Code/shop/vendor/laravel/framework/src/Illuminate/View/Engines/PhpEngine.php(45): Illuminate\\View\\Engines\\CompilerEngine->handleViewException(Object(InvalidArgumentException), 1)
#1 /home/vagrant/Code/shop/vendor/laravel/framework/src/Illuminate/View/Engines/CompilerEngine.php(59): Illuminate\\View\\Engines\\PhpEngine->evaluatePath('/home/vagrant/C...', Array)
#2 /home/vagrant/Code/shop/vendor/laravel/framework/src/Illuminate/View/View.php(137): Illuminate\\View\\Engines\\CompilerEngine->get('/home/vagrant/C...', Array)
#3 /home/vagrant/Code/shop/vendor/laravel/framework/src/Illuminate/View/View.php(120): Illuminate\\View\\View->getContents()
#4 /home/vagrant/Code/shop/vendor/laravel/framework/src/Illuminate/View/View.php(85): Illuminate\\View\\View->renderContents()
#5 /home/vagrant/Code/shop/vendor/laravel/framework/src/Illuminate/Http/Response.php(39): Illuminate\\View\\View->render()
#6 /home/vagrant/Code/shop/vendor/symfony/http-foundation/Response.php(201): Illuminate\\Http\\Response->setContent(Object(Illuminate\\View\\View))
#7 /home/vagrant/Code/shop/vendor/laravel/framework/src/Illuminate/Routing/Router.php(676): Symfony\\Component\\HttpFoundation\\Response->__construct(Object(Illuminate\\View\\View))
#8 /home/vagrant/Code/shop/vendor/laravel/framework/src/Illuminate/Routing/Router.php(650): Illuminate\\Routing\\Router::toResponse(Object(Illuminate\\Http\\Request), Object(Illuminate\\View\\View))
#9 /home/vagrant/Code/shop/vendor/laravel/framework/src/Illuminate/Routing/Router.php(610): Illuminate\\Routing\\Router->prepareResponse(Object(Illuminate\\Http\\Request), Object(Illuminate\\View\\View))
#10 /home/vagrant/Code/shop/vendor/laravel/framework/src/Illuminate/Routing/Pipeline.php(30): Illuminate\\Routing\\Router->Illuminate\\Routing\\{closure}(Object(Illuminate\\Http\\Request))
#11 /home/vagrant/Code/shop/vendor/laravel/framework/src/Illuminate/Routing/Middleware/SubstituteBindings.php(41): Illuminate\\Routing\\Pipeline->Illuminate\\Routing\\{closure}(Object(Illuminate\\Http\\Request))
#12 /home/vagrant/Code/shop/vendor/laravel/framework/src/Illuminate/Pipeline/Pipeline.php(149): Illuminate\\Routing\\Middleware\\SubstituteBindings->handle(Object(Illuminate\\Http\\Request), Object(Closure))
#13 /home/vagrant/Code/shop/vendor/laravel/framework/src/Illuminate/Routing/Pipeline.php(53): Illuminate\\Pipeline\\Pipeline->Illuminate\\Pipeline\\{closure}(Object(Illuminate\\Http\\Request))
#14 /home/vagrant/Code/shop/vendor/laravel/framework/src/Illuminate/Foundation/Http/Middleware/VerifyCsrfToken.php(67): Illuminate\\Routing\\Pipeline->Illuminate\\Routing\\{closure}(Object(Illuminate\\Http\\Request))
#15 /home/vagrant/Code/shop/vendor/laravel/framework/src/Illuminate/Pipeline/Pipeline.php(149): Illuminate\\Foundation\\Http\\Middleware\\VerifyCsrfToken->handle(Object(Illuminate\\Http\\Request), Object(Closure))
#16 /home/vagrant/Code/shop/vendor/laravel/framework/src/Illuminate/Routing/Pipeline.php(53): Illuminate\\Pipeline\\Pipeline->Illuminate\\Pipeline\\{closure}(Object(Illuminate\\Http\\Request))
#17 /home/vagrant/Code/shop/vendor/laravel/framework/src/Illuminate/View/Middleware/ShareErrorsFromSession.php(49): Illuminate\\Routing\\Pipeline->Illuminate\\Routing\\{closure}(Object(Illuminate\\Http\\Request))
#18 /home/vagrant/Code/shop/vendor/laravel/framework/src/Illuminate/Pipeline/Pipeline.php(149): Illuminate\\View\\Middleware\\ShareErrorsFromSession->handle(Object(Illuminate\\Http\\Request), Object(Closure))
#19 /home/vagrant/Code/shop/vendor/laravel/framework/src/Illuminate/Routing/Pipeline.php(53): Illuminate\\Pipeline\\Pipeline->Illuminate\\Pipeline\\{closure}(Object(Illuminate\\Http\\Request))
#20 /home/vagrant/Code/shop/vendor/laravel/framework/src/Illuminate/Session/Middleware/StartSession.php(63): Illuminate\\Routing\\Pipeline->Illuminate\\Routing\\{closure}(Object(Illuminate\\Http\\Request))
#21 /home/vagrant/Code/shop/vendor/laravel/framework/src/Illuminate/Pipeline/Pipeline.php(149): Illuminate\\Session\\Middleware\\StartSession->handle(Object(Illuminate\\Http\\Request), Object(Closure))
#22 /home/vagrant/Code/shop/vendor/laravel/framework/src/Illuminate/Routing/Pipeline.php(53): Illuminate\\Pipeline\\Pipeline->Illuminate\\Pipeline\\{closure}(Object(Illuminate\\Http\\Request))
#23 /home/vagrant/Code/shop/vendor/laravel/framework/src/Illuminate/Cookie/Middleware/AddQueuedCookiesToResponse.php(37): Illuminate\\Routing\\Pipeline->Illuminate\\Routing\\{closure}(Object(Illuminate\\Http\\Request))
#24 /home/vagrant/Code/shop/vendor/laravel/framework/src/Illuminate/Pipeline/Pipeline.php(149): Illuminate\\Cookie\\Middleware\\AddQueuedCookiesToResponse->handle(Object(Illuminate\\Http\\Request), Object(Closure))
#25 /home/vagrant/Code/shop/vendor/laravel/framework/src/Illuminate/Routing/Pipeline.php(53): Illuminate\\Pipeline\\Pipeline->Illuminate\\Pipeline\\{closure}(Object(Illuminate\\Http\\Request))
#26 /home/vagrant/Code/shop/vendor/laravel/framework/src/Illuminate/Cookie/Middleware/EncryptCookies.php(59): Illuminate\\Routing\\Pipeline->Illuminate\\Routing\\{closure}(Object(Illuminate\\Http\\Request))
#27 /home/vagrant/Code/shop/vendor/laravel/framework/src/Illuminate/Pipeline/Pipeline.php(149): Illuminate\\Cookie\\Middleware\\EncryptCookies->handle(Object(Illuminate\\Http\\Request), Object(Closure))
#28 /home/vagrant/Code/shop/vendor/laravel/framework/src/Illuminate/Routing/Pipeline.php(53): Illuminate\\Pipeline\\Pipeline->Illuminate\\Pipeline\\{closure}(Object(Illuminate\\Http\\Request))
#29 /home/vagrant/Code/shop/vendor/laravel/framework/src/Illuminate/Pipeline/Pipeline.php(102): Illuminate\\Routing\\Pipeline->Illuminate\\Routing\\{closure}(Object(Illuminate\\Http\\Request))
#30 /home/vagrant/Code/shop/vendor/laravel/framework/src/Illuminate/Routing/Router.php(612): Illuminate\\Pipeline\\Pipeline->then(Object(Closure))
#31 /home/vagrant/Code/shop/vendor/laravel/framework/src/Illuminate/Routing/Router.php(571): Illuminate\\Routing\\Router->runRouteWithinStack(Object(Illuminate\\Routing\\Route), Object(Illuminate\\Http\\Request))
#32 /home/vagrant/Code/shop/vendor/laravel/framework/src/Illuminate/Routing/Router.php(549): Illuminate\\Routing\\Router->dispatchToRoute(Object(Illuminate\\Http\\Request))
#33 /home/vagrant/Code/shop/vendor/laravel/framework/src/Illuminate/Foundation/Http/Kernel.php(176): Illuminate\\Routing\\Router->dispatch(Object(Illuminate\\Http\\Request))
#34 /home/vagrant/Code/shop/vendor/laravel/framework/src/Illuminate/Routing/Pipeline.php(30): Illuminate\\Foundation\\Http\\Kernel->Illuminate\\Foundation\\Http\\{closure}(Object(Illuminate\\Http\\Request))
#35 /home/vagrant/Code/shop/vendor/fideloper/proxy/src/TrustProxies.php(56): Illuminate\\Routing\\Pipeline->Illuminate\\Routing\\{closure}(Object(Illuminate\\Http\\Request))
#36 /home/vagrant/Code/shop/vendor/laravel/framework/src/Illuminate/Pipeline/Pipeline.php(149): Fideloper\\Proxy\\TrustProxies->handle(Object(Illuminate\\Http\\Request), Object(Closure))
#37 /home/vagrant/Code/shop/vendor/laravel/framework/src/Illuminate/Routing/Pipeline.php(53): Illuminate\\Pipeline\\Pipeline->Illuminate\\Pipeline\\{closure}(Object(Illuminate\\Http\\Request))
#38 /home/vagrant/Code/shop/vendor/laravel/framework/src/Illuminate/Foundation/Http/Middleware/TransformsRequest.php(30): Illuminate\\Routing\\Pipeline->Illuminate\\Routing\\{closure}(Object(Illuminate\\Http\\Request))
#39 /home/vagrant/Code/shop/vendor/laravel/framework/src/Illuminate/Pipeline/Pipeline.php(149): Illuminate\\Foundation\\Http\\Middleware\\TransformsRequest->handle(Object(Illuminate\\Http\\Request), Object(Closure))
#40 /home/vagrant/Code/shop/vendor/laravel/framework/src/Illuminate/Routing/Pipeline.php(53): Illuminate\\Pipeline\\Pipeline->Illuminate\\Pipeline\\{closure}(Object(Illuminate\\Http\\Request))
#41 /home/vagrant/Code/shop/vendor/laravel/framework/src/Illuminate/Foundation/Http/Middleware/TransformsRequest.php(30): Illuminate\\Routing\\Pipeline->Illuminate\\Routing\\{closure}(Object(Illuminate\\Http\\Request))
#42 /home/vagrant/Code/shop/vendor/laravel/framework/src/Illuminate/Pipeline/Pipeline.php(149): Illuminate\\Foundation\\Http\\Middleware\\TransformsRequest->handle(Object(Illuminate\\Http\\Request), Object(Closure))
#43 /home/vagrant/Code/shop/vendor/laravel/framework/src/Illuminate/Routing/Pipeline.php(53): Illuminate\\Pipeline\\Pipeline->Illuminate\\Pipeline\\{closure}(Object(Illuminate\\Http\\Request))
#44 /home/vagrant/Code/shop/vendor/laravel/framework/src/Illuminate/Foundation/Http/Middleware/ValidatePostSize.php(27): Illuminate\\Routing\\Pipeline->Illuminate\\Routing\\{closure}(Object(Illuminate\\Http\\Request))
#45 /home/vagrant/Code/shop/vendor/laravel/framework/src/Illuminate/Pipeline/Pipeline.php(149): Illuminate\\Foundation\\Http\\Middleware\\ValidatePostSize->handle(Object(Illuminate\\Http\\Request), Object(Closure))
#46 /home/vagrant/Code/shop/vendor/laravel/framework/src/Illuminate/Routing/Pipeline.php(53): Illuminate\\Pipeline\\Pipeline->Illuminate\\Pipeline\\{closure}(Object(Illuminate\\Http\\Request))
#47 /home/vagrant/Code/shop/vendor/laravel/framework/src/Illuminate/Foundation/Http/Middleware/CheckForMaintenanceMode.php(46): Illuminate\\Routing\\Pipeline->Illuminate\\Routing\\{closure}(Object(Illuminate\\Http\\Request))
#48 /home/vagrant/Code/shop/vendor/laravel/framework/src/Illuminate/Pipeline/Pipeline.php(149): Illuminate\\Foundation\\Http\\Middleware\\CheckForMaintenanceMode->handle(Object(Illuminate\\Http\\Request), Object(Closure))
#49 /home/vagrant/Code/shop/vendor/laravel/framework/src/Illuminate/Routing/Pipeline.php(53): Illuminate\\Pipeline\\Pipeline->Illuminate\\Pipeline\\{closure}(Object(Illuminate\\Http\\Request))
#50 /home/vagrant/Code/shop/vendor/laravel/framework/src/Illuminate/Pipeline/Pipeline.php(102): Illuminate\\Routing\\Pipeline->Illuminate\\Routing\\{closure}(Object(Illuminate\\Http\\Request))
#51 /home/vagrant/Code/shop/vendor/laravel/framework/src/Illuminate/Foundation/Http/Kernel.php(151): Illuminate\\Pipeline\\Pipeline->then(Object(Closure))
#52 /home/vagrant/Code/shop/vendor/laravel/framework/src/Illuminate/Foundation/Http/Kernel.php(116): Illuminate\\Foundation\\Http\\Kernel->sendRequestThroughRouter(Object(Illuminate\\Http\\Request))
#53 /home/vagrant/Code/shop/public/index.php(55): Illuminate\\Foundation\\Http\\Kernel->handle(Object(Illuminate\\Http\\Request))
#54 {main}
"} 
[2017-09-19 15:44:12] local.ERROR: View [admin.partials.errors] not found. (View: /home/vagrant/Code/shop/resources/views/admin/login.blade.php) {"exception":"[object] (ErrorException(code: 0): View [admin.partials.errors] not found. (View: /home/vagrant/Code/shop/resources/views/admin/login.blade.php) at /home/vagrant/Code/shop/vendor/laravel/framework/src/Illuminate/View/FileViewFinder.php:137, InvalidArgumentException(code: 0): View [admin.partials.errors] not found. at /home/vagrant/Code/shop/vendor/laravel/framework/src/Illuminate/View/FileViewFinder.php:137)
[stacktrace]
#0 /home/vagrant/Code/shop/vendor/laravel/framework/src/Illuminate/View/Engines/PhpEngine.php(45): Illuminate\\View\\Engines\\CompilerEngine->handleViewException(Object(InvalidArgumentException), 1)
#1 /home/vagrant/Code/shop/vendor/laravel/framework/src/Illuminate/View/Engines/CompilerEngine.php(59): Illuminate\\View\\Engines\\PhpEngine->evaluatePath('/home/vagrant/C...', Array)
#2 /home/vagrant/Code/shop/vendor/laravel/framework/src/Illuminate/View/View.php(137): Illuminate\\View\\Engines\\CompilerEngine->get('/home/vagrant/C...', Array)
#3 /home/vagrant/Code/shop/vendor/laravel/framework/src/Illuminate/View/View.php(120): Illuminate\\View\\View->getContents()
#4 /home/vagrant/Code/shop/vendor/laravel/framework/src/Illuminate/View/View.php(85): Illuminate\\View\\View->renderContents()
#5 /home/vagrant/Code/shop/vendor/laravel/framework/src/Illuminate/Http/Response.php(39): Illuminate\\View\\View->render()
#6 /home/vagrant/Code/shop/vendor/symfony/http-foundation/Response.php(201): Illuminate\\Http\\Response->setContent(Object(Illuminate\\View\\View))
#7 /home/vagrant/Code/shop/vendor/laravel/framework/src/Illuminate/Routing/Router.php(676): Symfony\\Component\\HttpFoundation\\Response->__construct(Object(Illuminate\\View\\View))
#8 /home/vagrant/Code/shop/vendor/laravel/framework/src/Illuminate/Routing/Router.php(650): Illuminate\\Routing\\Router::toResponse(Object(Illuminate\\Http\\Request), Object(Illuminate\\View\\View))
#9 /home/vagrant/Code/shop/vendor/laravel/framework/src/Illuminate/Routing/Router.php(610): Illuminate\\Routing\\Router->prepareResponse(Object(Illuminate\\Http\\Request), Object(Illuminate\\View\\View))
#10 /home/vagrant/Code/shop/vendor/laravel/framework/src/Illuminate/Routing/Pipeline.php(30): Illuminate\\Routing\\Router->Illuminate\\Routing\\{closure}(Object(Illuminate\\Http\\Request))
#11 /home/vagrant/Code/shop/vendor/laravel/framework/src/Illuminate/Routing/Middleware/SubstituteBindings.php(41): Illuminate\\Routing\\Pipeline->Illuminate\\Routing\\{closure}(Object(Illuminate\\Http\\Request))
#12 /home/vagrant/Code/shop/vendor/laravel/framework/src/Illuminate/Pipeline/Pipeline.php(149): Illuminate\\Routing\\Middleware\\SubstituteBindings->handle(Object(Illuminate\\Http\\Request), Object(Closure))
#13 /home/vagrant/Code/shop/vendor/laravel/framework/src/Illuminate/Routing/Pipeline.php(53): Illuminate\\Pipeline\\Pipeline->Illuminate\\Pipeline\\{closure}(Object(Illuminate\\Http\\Request))
#14 /home/vagrant/Code/shop/vendor/laravel/framework/src/Illuminate/Foundation/Http/Middleware/VerifyCsrfToken.php(67): Illuminate\\Routing\\Pipeline->Illuminate\\Routing\\{closure}(Object(Illuminate\\Http\\Request))
#15 /home/vagrant/Code/shop/vendor/laravel/framework/src/Illuminate/Pipeline/Pipeline.php(149): Illuminate\\Foundation\\Http\\Middleware\\VerifyCsrfToken->handle(Object(Illuminate\\Http\\Request), Object(Closure))
#16 /home/vagrant/Code/shop/vendor/laravel/framework/src/Illuminate/Routing/Pipeline.php(53): Illuminate\\Pipeline\\Pipeline->Illuminate\\Pipeline\\{closure}(Object(Illuminate\\Http\\Request))
#17 /home/vagrant/Code/shop/vendor/laravel/framework/src/Illuminate/View/Middleware/ShareErrorsFromSession.php(49): Illuminate\\Routing\\Pipeline->Illuminate\\Routing\\{closure}(Object(Illuminate\\Http\\Request))
#18 /home/vagrant/Code/shop/vendor/laravel/framework/src/Illuminate/Pipeline/Pipeline.php(149): Illuminate\\View\\Middleware\\ShareErrorsFromSession->handle(Object(Illuminate\\Http\\Request), Object(Closure))
#19 /home/vagrant/Code/shop/vendor/laravel/framework/src/Illuminate/Routing/Pipeline.php(53): Illuminate\\Pipeline\\Pipeline->Illuminate\\Pipeline\\{closure}(Object(Illuminate\\Http\\Request))
#20 /home/vagrant/Code/shop/vendor/laravel/framework/src/Illuminate/Session/Middleware/StartSession.php(63): Illuminate\\Routing\\Pipeline->Illuminate\\Routing\\{closure}(Object(Illuminate\\Http\\Request))
#21 /home/vagrant/Code/shop/vendor/laravel/framework/src/Illuminate/Pipeline/Pipeline.php(149): Illuminate\\Session\\Middleware\\StartSession->handle(Object(Illuminate\\Http\\Request), Object(Closure))
#22 /home/vagrant/Code/shop/vendor/laravel/framework/src/Illuminate/Routing/Pipeline.php(53): Illuminate\\Pipeline\\Pipeline->Illuminate\\Pipeline\\{closure}(Object(Illuminate\\Http\\Request))
#23 /home/vagrant/Code/shop/vendor/laravel/framework/src/Illuminate/Cookie/Middleware/AddQueuedCookiesToResponse.php(37): Illuminate\\Routing\\Pipeline->Illuminate\\Routing\\{closure}(Object(Illuminate\\Http\\Request))
#24 /home/vagrant/Code/shop/vendor/laravel/framework/src/Illuminate/Pipeline/Pipeline.php(149): Illuminate\\Cookie\\Middleware\\AddQueuedCookiesToResponse->handle(Object(Illuminate\\Http\\Request), Object(Closure))
#25 /home/vagrant/Code/shop/vendor/laravel/framework/src/Illuminate/Routing/Pipeline.php(53): Illuminate\\Pipeline\\Pipeline->Illuminate\\Pipeline\\{closure}(Object(Illuminate\\Http\\Request))
#26 /home/vagrant/Code/shop/vendor/laravel/framework/src/Illuminate/Cookie/Middleware/EncryptCookies.php(59): Illuminate\\Routing\\Pipeline->Illuminate\\Routing\\{closure}(Object(Illuminate\\Http\\Request))
#27 /home/vagrant/Code/shop/vendor/laravel/framework/src/Illuminate/Pipeline/Pipeline.php(149): Illuminate\\Cookie\\Middleware\\EncryptCookies->handle(Object(Illuminate\\Http\\Request), Object(Closure))
#28 /home/vagrant/Code/shop/vendor/laravel/framework/src/Illuminate/Routing/Pipeline.php(53): Illuminate\\Pipeline\\Pipeline->Illuminate\\Pipeline\\{closure}(Object(Illuminate\\Http\\Request))
#29 /home/vagrant/Code/shop/vendor/laravel/framework/src/Illuminate/Pipeline/Pipeline.php(102): Illuminate\\Routing\\Pipeline->Illuminate\\Routing\\{closure}(Object(Illuminate\\Http\\Request))
#30 /home/vagrant/Code/shop/vendor/laravel/framework/src/Illuminate/Routing/Router.php(612): Illuminate\\Pipeline\\Pipeline->then(Object(Closure))
#31 /home/vagrant/Code/shop/vendor/laravel/framework/src/Illuminate/Routing/Router.php(571): Illuminate\\Routing\\Router->runRouteWithinStack(Object(Illuminate\\Routing\\Route), Object(Illuminate\\Http\\Request))
#32 /home/vagrant/Code/shop/vendor/laravel/framework/src/Illuminate/Routing/Router.php(549): Illuminate\\Routing\\Router->dispatchToRoute(Object(Illuminate\\Http\\Request))
#33 /home/vagrant/Code/shop/vendor/laravel/framework/src/Illuminate/Foundation/Http/Kernel.php(176): Illuminate\\Routing\\Router->dispatch(Object(Illuminate\\Http\\Request))
#34 /home/vagrant/Code/shop/vendor/laravel/framework/src/Illuminate/Routing/Pipeline.php(30): Illuminate\\Foundation\\Http\\Kernel->Illuminate\\Foundation\\Http\\{closure}(Object(Illuminate\\Http\\Request))
#35 /home/vagrant/Code/shop/vendor/fideloper/proxy/src/TrustProxies.php(56): Illuminate\\Routing\\Pipeline->Illuminate\\Routing\\{closure}(Object(Illuminate\\Http\\Request))
#36 /home/vagrant/Code/shop/vendor/laravel/framework/src/Illuminate/Pipeline/Pipeline.php(149): Fideloper\\Proxy\\TrustProxies->handle(Object(Illuminate\\Http\\Request), Object(Closure))
#37 /home/vagrant/Code/shop/vendor/laravel/framework/src/Illuminate/Routing/Pipeline.php(53): Illuminate\\Pipeline\\Pipeline->Illuminate\\Pipeline\\{closure}(Object(Illuminate\\Http\\Request))
#38 /home/vagrant/Code/shop/vendor/laravel/framework/src/Illuminate/Foundation/Http/Middleware/TransformsRequest.php(30): Illuminate\\Routing\\Pipeline->Illuminate\\Routing\\{closure}(Object(Illuminate\\Http\\Request))
#39 /home/vagrant/Code/shop/vendor/laravel/framework/src/Illuminate/Pipeline/Pipeline.php(149): Illuminate\\Foundation\\Http\\Middleware\\TransformsRequest->handle(Object(Illuminate\\Http\\Request), Object(Closure))
#40 /home/vagrant/Code/shop/vendor/laravel/framework/src/Illuminate/Routing/Pipeline.php(53): Illuminate\\Pipeline\\Pipeline->Illuminate\\Pipeline\\{closure}(Object(Illuminate\\Http\\Request))
#41 /home/vagrant/Code/shop/vendor/laravel/framework/src/Illuminate/Foundation/Http/Middleware/TransformsRequest.php(30): Illuminate\\Routing\\Pipeline->Illuminate\\Routing\\{closure}(Object(Illuminate\\Http\\Request))
#42 /home/vagrant/Code/shop/vendor/laravel/framework/src/Illuminate/Pipeline/Pipeline.php(149): Illuminate\\Foundation\\Http\\Middleware\\TransformsRequest->handle(Object(Illuminate\\Http\\Request), Object(Closure))
#43 /home/vagrant/Code/shop/vendor/laravel/framework/src/Illuminate/Routing/Pipeline.php(53): Illuminate\\Pipeline\\Pipeline->Illuminate\\Pipeline\\{closure}(Object(Illuminate\\Http\\Request))
#44 /home/vagrant/Code/shop/vendor/laravel/framework/src/Illuminate/Foundation/Http/Middleware/ValidatePostSize.php(27): Illuminate\\Routing\\Pipeline->Illuminate\\Routing\\{closure}(Object(Illuminate\\Http\\Request))
#45 /home/vagrant/Code/shop/vendor/laravel/framework/src/Illuminate/Pipeline/Pipeline.php(149): Illuminate\\Foundation\\Http\\Middleware\\ValidatePostSize->handle(Object(Illuminate\\Http\\Request), Object(Closure))
#46 /home/vagrant/Code/shop/vendor/laravel/framework/src/Illuminate/Routing/Pipeline.php(53): Illuminate\\Pipeline\\Pipeline->Illuminate\\Pipeline\\{closure}(Object(Illuminate\\Http\\Request))
#47 /home/vagrant/Code/shop/vendor/laravel/framework/src/Illuminate/Foundation/Http/Middleware/CheckForMaintenanceMode.php(46): Illuminate\\Routing\\Pipeline->Illuminate\\Routing\\{closure}(Object(Illuminate\\Http\\Request))
#48 /home/vagrant/Code/shop/vendor/laravel/framework/src/Illuminate/Pipeline/Pipeline.php(149): Illuminate\\Foundation\\Http\\Middleware\\CheckForMaintenanceMode->handle(Object(Illuminate\\Http\\Request), Object(Closure))
#49 /home/vagrant/Code/shop/vendor/laravel/framework/src/Illuminate/Routing/Pipeline.php(53): Illuminate\\Pipeline\\Pipeline->Illuminate\\Pipeline\\{closure}(Object(Illuminate\\Http\\Request))
#50 /home/vagrant/Code/shop/vendor/laravel/framework/src/Illuminate/Pipeline/Pipeline.php(102): Illuminate\\Routing\\Pipeline->Illuminate\\Routing\\{closure}(Object(Illuminate\\Http\\Request))
#51 /home/vagrant/Code/shop/vendor/laravel/framework/src/Illuminate/Foundation/Http/Kernel.php(151): Illuminate\\Pipeline\\Pipeline->then(Object(Closure))
#52 /home/vagrant/Code/shop/vendor/laravel/framework/src/Illuminate/Foundation/Http/Kernel.php(116): Illuminate\\Foundation\\Http\\Kernel->sendRequestThroughRouter(Object(Illuminate\\Http\\Request))
#53 /home/vagrant/Code/shop/public/index.php(55): Illuminate\\Foundation\\Http\\Kernel->handle(Object(Illuminate\\Http\\Request))
#54 {main}
"} 
[2017-09-19 15:46:23] local.ERROR: View [admin.partials.errors] not found. (View: /home/vagrant/Code/shop/resources/views/admin/login.blade.php) {"exception":"[object] (ErrorException(code: 0): View [admin.partials.errors] not found. (View: /home/vagrant/Code/shop/resources/views/admin/login.blade.php) at /home/vagrant/Code/shop/vendor/laravel/framework/src/Illuminate/View/FileViewFinder.php:137, InvalidArgumentException(code: 0): View [admin.partials.errors] not found. at /home/vagrant/Code/shop/vendor/laravel/framework/src/Illuminate/View/FileViewFinder.php:137)
[stacktrace]
#0 /home/vagrant/Code/shop/vendor/laravel/framework/src/Illuminate/View/Engines/PhpEngine.php(45): Illuminate\\View\\Engines\\CompilerEngine->handleViewException(Object(InvalidArgumentException), 1)
#1 /home/vagrant/Code/shop/vendor/laravel/framework/src/Illuminate/View/Engines/CompilerEngine.php(59): Illuminate\\View\\Engines\\PhpEngine->evaluatePath('/home/vagrant/C...', Array)
#2 /home/vagrant/Code/shop/vendor/laravel/framework/src/Illuminate/View/View.php(137): Illuminate\\View\\Engines\\CompilerEngine->get('/home/vagrant/C...', Array)
#3 /home/vagrant/Code/shop/vendor/laravel/framework/src/Illuminate/View/View.php(120): Illuminate\\View\\View->getContents()
#4 /home/vagrant/Code/shop/vendor/laravel/framework/src/Illuminate/View/View.php(85): Illuminate\\View\\View->renderContents()
#5 /home/vagrant/Code/shop/vendor/laravel/framework/src/Illuminate/Http/Response.php(39): Illuminate\\View\\View->render()
#6 /home/vagrant/Code/shop/vendor/symfony/http-foundation/Response.php(201): Illuminate\\Http\\Response->setContent(Object(Illuminate\\View\\View))
#7 /home/vagrant/Code/shop/vendor/laravel/framework/src/Illuminate/Routing/Router.php(676): Symfony\\Component\\HttpFoundation\\Response->__construct(Object(Illuminate\\View\\View))
#8 /home/vagrant/Code/shop/vendor/laravel/framework/src/Illuminate/Routing/Router.php(650): Illuminate\\Routing\\Router::toResponse(Object(Illuminate\\Http\\Request), Object(Illuminate\\View\\View))
#9 /home/vagrant/Code/shop/vendor/laravel/framework/src/Illuminate/Routing/Router.php(610): Illuminate\\Routing\\Router->prepareResponse(Object(Illuminate\\Http\\Request), Object(Illuminate\\View\\View))
#10 /home/vagrant/Code/shop/vendor/laravel/framework/src/Illuminate/Routing/Pipeline.php(30): Illuminate\\Routing\\Router->Illuminate\\Routing\\{closure}(Object(Illuminate\\Http\\Request))
#11 /home/vagrant/Code/shop/vendor/laravel/framework/src/Illuminate/Routing/Middleware/SubstituteBindings.php(41): Illuminate\\Routing\\Pipeline->Illuminate\\Routing\\{closure}(Object(Illuminate\\Http\\Request))
#12 /home/vagrant/Code/shop/vendor/laravel/framework/src/Illuminate/Pipeline/Pipeline.php(149): Illuminate\\Routing\\Middleware\\SubstituteBindings->handle(Object(Illuminate\\Http\\Request), Object(Closure))
#13 /home/vagrant/Code/shop/vendor/laravel/framework/src/Illuminate/Routing/Pipeline.php(53): Illuminate\\Pipeline\\Pipeline->Illuminate\\Pipeline\\{closure}(Object(Illuminate\\Http\\Request))
#14 /home/vagrant/Code/shop/vendor/laravel/framework/src/Illuminate/Foundation/Http/Middleware/VerifyCsrfToken.php(67): Illuminate\\Routing\\Pipeline->Illuminate\\Routing\\{closure}(Object(Illuminate\\Http\\Request))
#15 /home/vagrant/Code/shop/vendor/laravel/framework/src/Illuminate/Pipeline/Pipeline.php(149): Illuminate\\Foundation\\Http\\Middleware\\VerifyCsrfToken->handle(Object(Illuminate\\Http\\Request), Object(Closure))
#16 /home/vagrant/Code/shop/vendor/laravel/framework/src/Illuminate/Routing/Pipeline.php(53): Illuminate\\Pipeline\\Pipeline->Illuminate\\Pipeline\\{closure}(Object(Illuminate\\Http\\Request))
#17 /home/vagrant/Code/shop/vendor/laravel/framework/src/Illuminate/View/Middleware/ShareErrorsFromSession.php(49): Illuminate\\Routing\\Pipeline->Illuminate\\Routing\\{closure}(Object(Illuminate\\Http\\Request))
#18 /home/vagrant/Code/shop/vendor/laravel/framework/src/Illuminate/Pipeline/Pipeline.php(149): Illuminate\\View\\Middleware\\ShareErrorsFromSession->handle(Object(Illuminate\\Http\\Request), Object(Closure))
#19 /home/vagrant/Code/shop/vendor/laravel/framework/src/Illuminate/Routing/Pipeline.php(53): Illuminate\\Pipeline\\Pipeline->Illuminate\\Pipeline\\{closure}(Object(Illuminate\\Http\\Request))
#20 /home/vagrant/Code/shop/vendor/laravel/framework/src/Illuminate/Session/Middleware/StartSession.php(63): Illuminate\\Routing\\Pipeline->Illuminate\\Routing\\{closure}(Object(Illuminate\\Http\\Request))
#21 /home/vagrant/Code/shop/vendor/laravel/framework/src/Illuminate/Pipeline/Pipeline.php(149): Illuminate\\Session\\Middleware\\StartSession->handle(Object(Illuminate\\Http\\Request), Object(Closure))
#22 /home/vagrant/Code/shop/vendor/laravel/framework/src/Illuminate/Routing/Pipeline.php(53): Illuminate\\Pipeline\\Pipeline->Illuminate\\Pipeline\\{closure}(Object(Illuminate\\Http\\Request))
#23 /home/vagrant/Code/shop/vendor/laravel/framework/src/Illuminate/Cookie/Middleware/AddQueuedCookiesToResponse.php(37): Illuminate\\Routing\\Pipeline->Illuminate\\Routing\\{closure}(Object(Illuminate\\Http\\Request))
#24 /home/vagrant/Code/shop/vendor/laravel/framework/src/Illuminate/Pipeline/Pipeline.php(149): Illuminate\\Cookie\\Middleware\\AddQueuedCookiesToResponse->handle(Object(Illuminate\\Http\\Request), Object(Closure))
#25 /home/vagrant/Code/shop/vendor/laravel/framework/src/Illuminate/Routing/Pipeline.php(53): Illuminate\\Pipeline\\Pipeline->Illuminate\\Pipeline\\{closure}(Object(Illuminate\\Http\\Request))
#26 /home/vagrant/Code/shop/vendor/laravel/framework/src/Illuminate/Cookie/Middleware/EncryptCookies.php(59): Illuminate\\Routing\\Pipeline->Illuminate\\Routing\\{closure}(Object(Illuminate\\Http\\Request))
#27 /home/vagrant/Code/shop/vendor/laravel/framework/src/Illuminate/Pipeline/Pipeline.php(149): Illuminate\\Cookie\\Middleware\\EncryptCookies->handle(Object(Illuminate\\Http\\Request), Object(Closure))
#28 /home/vagrant/Code/shop/vendor/laravel/framework/src/Illuminate/Routing/Pipeline.php(53): Illuminate\\Pipeline\\Pipeline->Illuminate\\Pipeline\\{closure}(Object(Illuminate\\Http\\Request))
#29 /home/vagrant/Code/shop/vendor/laravel/framework/src/Illuminate/Pipeline/Pipeline.php(102): Illuminate\\Routing\\Pipeline->Illuminate\\Routing\\{closure}(Object(Illuminate\\Http\\Request))
#30 /home/vagrant/Code/shop/vendor/laravel/framework/src/Illuminate/Routing/Router.php(612): Illuminate\\Pipeline\\Pipeline->then(Object(Closure))
#31 /home/vagrant/Code/shop/vendor/laravel/framework/src/Illuminate/Routing/Router.php(571): Illuminate\\Routing\\Router->runRouteWithinStack(Object(Illuminate\\Routing\\Route), Object(Illuminate\\Http\\Request))
#32 /home/vagrant/Code/shop/vendor/laravel/framework/src/Illuminate/Routing/Router.php(549): Illuminate\\Routing\\Router->dispatchToRoute(Object(Illuminate\\Http\\Request))
#33 /home/vagrant/Code/shop/vendor/laravel/framework/src/Illuminate/Foundation/Http/Kernel.php(176): Illuminate\\Routing\\Router->dispatch(Object(Illuminate\\Http\\Request))
#34 /home/vagrant/Code/shop/vendor/laravel/framework/src/Illuminate/Routing/Pipeline.php(30): Illuminate\\Foundation\\Http\\Kernel->Illuminate\\Foundation\\Http\\{closure}(Object(Illuminate\\Http\\Request))
#35 /home/vagrant/Code/shop/vendor/fideloper/proxy/src/TrustProxies.php(56): Illuminate\\Routing\\Pipeline->Illuminate\\Routing\\{closure}(Object(Illuminate\\Http\\Request))
#36 /home/vagrant/Code/shop/vendor/laravel/framework/src/Illuminate/Pipeline/Pipeline.php(149): Fideloper\\Proxy\\TrustProxies->handle(Object(Illuminate\\Http\\Request), Object(Closure))
#37 /home/vagrant/Code/shop/vendor/laravel/framework/src/Illuminate/Routing/Pipeline.php(53): Illuminate\\Pipeline\\Pipeline->Illuminate\\Pipeline\\{closure}(Object(Illuminate\\Http\\Request))
#38 /home/vagrant/Code/shop/vendor/laravel/framework/src/Illuminate/Foundation/Http/Middleware/TransformsRequest.php(30): Illuminate\\Routing\\Pipeline->Illuminate\\Routing\\{closure}(Object(Illuminate\\Http\\Request))
#39 /home/vagrant/Code/shop/vendor/laravel/framework/src/Illuminate/Pipeline/Pipeline.php(149): Illuminate\\Foundation\\Http\\Middleware\\TransformsRequest->handle(Object(Illuminate\\Http\\Request), Object(Closure))
#40 /home/vagrant/Code/shop/vendor/laravel/framework/src/Illuminate/Routing/Pipeline.php(53): Illuminate\\Pipeline\\Pipeline->Illuminate\\Pipeline\\{closure}(Object(Illuminate\\Http\\Request))
#41 /home/vagrant/Code/shop/vendor/laravel/framework/src/Illuminate/Foundation/Http/Middleware/TransformsRequest.php(30): Illuminate\\Routing\\Pipeline->Illuminate\\Routing\\{closure}(Object(Illuminate\\Http\\Request))
#42 /home/vagrant/Code/shop/vendor/laravel/framework/src/Illuminate/Pipeline/Pipeline.php(149): Illuminate\\Foundation\\Http\\Middleware\\TransformsRequest->handle(Object(Illuminate\\Http\\Request), Object(Closure))
#43 /home/vagrant/Code/shop/vendor/laravel/framework/src/Illuminate/Routing/Pipeline.php(53): Illuminate\\Pipeline\\Pipeline->Illuminate\\Pipeline\\{closure}(Object(Illuminate\\Http\\Request))
#44 /home/vagrant/Code/shop/vendor/laravel/framework/src/Illuminate/Foundation/Http/Middleware/ValidatePostSize.php(27): Illuminate\\Routing\\Pipeline->Illuminate\\Routing\\{closure}(Object(Illuminate\\Http\\Request))
#45 /home/vagrant/Code/shop/vendor/laravel/framework/src/Illuminate/Pipeline/Pipeline.php(149): Illuminate\\Foundation\\Http\\Middleware\\ValidatePostSize->handle(Object(Illuminate\\Http\\Request), Object(Closure))
#46 /home/vagrant/Code/shop/vendor/laravel/framework/src/Illuminate/Routing/Pipeline.php(53): Illuminate\\Pipeline\\Pipeline->Illuminate\\Pipeline\\{closure}(Object(Illuminate\\Http\\Request))
#47 /home/vagrant/Code/shop/vendor/laravel/framework/src/Illuminate/Foundation/Http/Middleware/CheckForMaintenanceMode.php(46): Illuminate\\Routing\\Pipeline->Illuminate\\Routing\\{closure}(Object(Illuminate\\Http\\Request))
#48 /home/vagrant/Code/shop/vendor/laravel/framework/src/Illuminate/Pipeline/Pipeline.php(149): Illuminate\\Foundation\\Http\\Middleware\\CheckForMaintenanceMode->handle(Object(Illuminate\\Http\\Request), Object(Closure))
#49 /home/vagrant/Code/shop/vendor/laravel/framework/src/Illuminate/Routing/Pipeline.php(53): Illuminate\\Pipeline\\Pipeline->Illuminate\\Pipeline\\{closure}(Object(Illuminate\\Http\\Request))
#50 /home/vagrant/Code/shop/vendor/laravel/framework/src/Illuminate/Pipeline/Pipeline.php(102): Illuminate\\Routing\\Pipeline->Illuminate\\Routing\\{closure}(Object(Illuminate\\Http\\Request))
#51 /home/vagrant/Code/shop/vendor/laravel/framework/src/Illuminate/Foundation/Http/Kernel.php(151): Illuminate\\Pipeline\\Pipeline->then(Object(Closure))
#52 /home/vagrant/Code/shop/vendor/laravel/framework/src/Illuminate/Foundation/Http/Kernel.php(116): Illuminate\\Foundation\\Http\\Kernel->sendRequestThroughRouter(Object(Illuminate\\Http\\Request))
#53 /home/vagrant/Code/shop/public/index.php(55): Illuminate\\Foundation\\Http\\Kernel->handle(Object(Illuminate\\Http\\Request))
#54 {main}
"} 
[2017-09-25 14:45:47] local.ERROR: SQLSTATE[42S01]: Base table or view already exists: 1050 Table 'users' already exists (SQL: create table `users` (`id` int unsigned not null auto_increment primary key, `name` varchar(255) not null, `email` varchar(255) not null, `password` varchar(255) not null, `remember_token` varchar(100) null, `created_at` timestamp null, `updated_at` timestamp null) default character set utf8mb4 collate utf8mb4_unicode_ci) {"exception":"[object] (Illuminate\\Database\\QueryException(code: 42S01): SQLSTATE[42S01]: Base table or view already exists: 1050 Table 'users' already exists (SQL: create table `users` (`id` int unsigned not null auto_increment primary key, `name` varchar(255) not null, `email` varchar(255) not null, `password` varchar(255) not null, `remember_token` varchar(100) null, `created_at` timestamp null, `updated_at` timestamp null) default character set utf8mb4 collate utf8mb4_unicode_ci) at /home/vagrant/Code/shop/vendor/laravel/framework/src/Illuminate/Database/Connection.php:664, PDOException(code: 42S01): SQLSTATE[42S01]: Base table or view already exists: 1050 Table 'users' already exists at /home/vagrant/Code/shop/vendor/laravel/framework/src/Illuminate/Database/Connection.php:458)
[stacktrace]
#0 /home/vagrant/Code/shop/vendor/laravel/framework/src/Illuminate/Database/Connection.php(624): Illuminate\\Database\\Connection->runQueryCallback('create table `u...', Array, Object(Closure))
#1 /home/vagrant/Code/shop/vendor/laravel/framework/src/Illuminate/Database/Connection.php(459): Illuminate\\Database\\Connection->run('create table `u...', Array, Object(Closure))
#2 /home/vagrant/Code/shop/vendor/laravel/framework/src/Illuminate/Database/Schema/Blueprint.php(86): Illuminate\\Database\\Connection->statement('create table `u...')
#3 /home/vagrant/Code/shop/vendor/laravel/framework/src/Illuminate/Database/Schema/Builder.php(252): Illuminate\\Database\\Schema\\Blueprint->build(Object(Illuminate\\Database\\MySqlConnection), Object(Illuminate\\Database\\Schema\\Grammars\\MySqlGrammar))
#4 /home/vagrant/Code/shop/vendor/laravel/framework/src/Illuminate/Database/Schema/Builder.php(165): Illuminate\\Database\\Schema\\Builder->build(Object(Illuminate\\Database\\Schema\\Blueprint))
#5 /home/vagrant/Code/shop/vendor/laravel/framework/src/Illuminate/Support/Facades/Facade.php(221): Illuminate\\Database\\Schema\\Builder->create('users', Object(Closure))
#6 /home/vagrant/Code/shop/database/migrations/2014_10_12_000000_create_users_table.php(23): Illuminate\\Support\\Facades\\Facade::__callStatic('create', Array)
#7 /home/vagrant/Code/shop/vendor/laravel/framework/src/Illuminate/Database/Migrations/Migrator.php(359): CreateUsersTable->up()
#8 /home/vagrant/Code/shop/vendor/laravel/framework/src/Illuminate/Database/Migrations/Migrator.php(365): Illuminate\\Database\\Migrations\\Migrator->Illuminate\\Database\\Migrations\\{closure}()
#9 /home/vagrant/Code/shop/vendor/laravel/framework/src/Illuminate/Database/Migrations/Migrator.php(177): Illuminate\\Database\\Migrations\\Migrator->runMigration(Object(CreateUsersTable), 'up')
#10 /home/vagrant/Code/shop/vendor/laravel/framework/src/Illuminate/Database/Migrations/Migrator.php(146): Illuminate\\Database\\Migrations\\Migrator->runUp('/home/vagrant/C...', 4, false)
#11 /home/vagrant/Code/shop/vendor/laravel/framework/src/Illuminate/Database/Migrations/Migrator.php(95): Illuminate\\Database\\Migrations\\Migrator->runPending(Array, Array)
#12 /home/vagrant/Code/shop/vendor/laravel/framework/src/Illuminate/Database/Console/Migrations/MigrateCommand.php(69): Illuminate\\Database\\Migrations\\Migrator->run(Array, Array)
#13 [internal function]: Illuminate\\Database\\Console\\Migrations\\MigrateCommand->handle()
#14 /home/vagrant/Code/shop/vendor/laravel/framework/src/Illuminate/Container/BoundMethod.php(29): call_user_func_array(Array, Array)
#15 /home/vagrant/Code/shop/vendor/laravel/framework/src/Illuminate/Container/BoundMethod.php(87): Illuminate\\Container\\BoundMethod::Illuminate\\Container\\{closure}()
#16 /home/vagrant/Code/shop/vendor/laravel/framework/src/Illuminate/Container/BoundMethod.php(31): Illuminate\\Container\\BoundMethod::callBoundMethod(Object(Illuminate\\Foundation\\Application), Array, Object(Closure))
#17 /home/vagrant/Code/shop/vendor/laravel/framework/src/Illuminate/Container/Container.php(549): Illuminate\\Container\\BoundMethod::call(Object(Illuminate\\Foundation\\Application), Array, Array, NULL)
#18 /home/vagrant/Code/shop/vendor/laravel/framework/src/Illuminate/Console/Command.php(180): Illuminate\\Container\\Container->call(Array)
#19 /home/vagrant/Code/shop/vendor/symfony/console/Command/Command.php(264): Illuminate\\Console\\Command->execute(Object(Symfony\\Component\\Console\\Input\\ArgvInput), Object(Illuminate\\Console\\OutputStyle))
#20 /home/vagrant/Code/shop/vendor/laravel/framework/src/Illuminate/Console/Command.php(167): Symfony\\Component\\Console\\Command\\Command->run(Object(Symfony\\Component\\Console\\Input\\ArgvInput), Object(Illuminate\\Console\\OutputStyle))
#21 /home/vagrant/Code/shop/vendor/symfony/console/Application.php(888): Illuminate\\Console\\Command->run(Object(Symfony\\Component\\Console\\Input\\ArgvInput), Object(Symfony\\Component\\Console\\Output\\ConsoleOutput))
#22 /home/vagrant/Code/shop/vendor/symfony/console/Application.php(224): Symfony\\Component\\Console\\Application->doRunCommand(Object(Illuminate\\Database\\Console\\Migrations\\MigrateCommand), Object(Symfony\\Component\\Console\\Input\\ArgvInput), Object(Symfony\\Component\\Console\\Output\\ConsoleOutput))
#23 /home/vagrant/Code/shop/vendor/symfony/console/Application.php(125): Symfony\\Component\\Console\\Application->doRun(Object(Symfony\\Component\\Console\\Input\\ArgvInput), Object(Symfony\\Component\\Console\\Output\\ConsoleOutput))
#24 /home/vagrant/Code/shop/vendor/laravel/framework/src/Illuminate/Console/Application.php(88): Symfony\\Component\\Console\\Application->run(Object(Symfony\\Component\\Console\\Input\\ArgvInput), Object(Symfony\\Component\\Console\\Output\\ConsoleOutput))
#25 /home/vagrant/Code/shop/vendor/laravel/framework/src/Illuminate/Foundation/Console/Kernel.php(121): Illuminate\\Console\\Application->run(Object(Symfony\\Component\\Console\\Input\\ArgvInput), Object(Symfony\\Component\\Console\\Output\\ConsoleOutput))
#26 /home/vagrant/Code/shop/artisan(37): Illuminate\\Foundation\\Console\\Kernel->handle(Object(Symfony\\Component\\Console\\Input\\ArgvInput), Object(Symfony\\Component\\Console\\Output\\ConsoleOutput))
#27 {main}
"} 
